#! /usr/bin/vvp
:ivl_version "10.3 (stable)";
:ivl_delay_selection "TYPICAL";
:vpi_time_precision + 0;
:vpi_module "system";
:vpi_module "vhdl_sys";
:vpi_module "v2005_math";
:vpi_module "va_math";
S_0x55eebd241130 .scope module, "mux21" "mux21" 2 1;
 .timescale 0 0;
    .port_info 0 /INPUT 1 "a"
    .port_info 1 /INPUT 1 "b"
    .port_info 2 /INPUT 1 "s"
    .port_info 3 /OUTPUT 1 "m"
o0x7f2cc8130018 .functor BUFZ 1, C4<z>; HiZ drive
v0x55eebd241320_0 .net "a", 0 0, o0x7f2cc8130018;  0 drivers
o0x7f2cc8130048 .functor BUFZ 1, C4<z>; HiZ drive
v0x55eebd283530_0 .net "b", 0 0, o0x7f2cc8130048;  0 drivers
v0x55eebd2835f0_0 .var "m", 0 0;
o0x7f2cc81300a8 .functor BUFZ 1, C4<z>; HiZ drive
v0x55eebd2836c0_0 .net "s", 0 0, o0x7f2cc81300a8;  0 drivers
    .scope S_0x55eebd241130;
T_0 ;
    %load/vec4 v0x55eebd2836c0_0;
    %flag_set/vec4 8;
    %jmp/0xz  T_0.0, 8;
    %load/vec4 v0x55eebd283530_0;
    %assign/vec4 v0x55eebd2835f0_0, 0;
    %jmp T_0.1;
T_0.0 ;
    %load/vec4 v0x55eebd241320_0;
    %assign/vec4 v0x55eebd2835f0_0, 0;
T_0.1 ;
    %end;
    .thread T_0;
# The file index is used to find the file name in the following table.
:file_names 3;
    "N/A";
    "<interactive>";
    "mux21.v";
