[INFO]: Current run directory is /openLANE_flow/designs/dvsd_8216m3/runs/23-08_11-12
[INFO]: Preparing LEF Files
[INFO]: Extracting the number of available metal layers from /home/drako/applications/vsdflow/work/tools/openlane_working_dir/openlane/pdks/sky130A/libs.ref/sky130_fd_sc_hd/techlef/sky130_fd_sc_hd.tlef
[INFO]: The number of available metal layers is 6
[INFO]: The available metal layers are li1 met1 met2 met3 met4 met5
[INFO]: Merging LEF Files...
[INFO]: Trimming Liberty...
[INFO]: Generating Exclude List...
[INFO]: Storing configs into config.tcl ...
[INFO]: Preparation complete
[INFO]: Running Synthesis...
[INFO]: current step index: 1
[INFO]: Changing netlist from 0 to /openLANE_flow/designs/dvsd_8216m3/runs/23-08_11-12/results/synthesis/dvsd_8216m3.synthesis.v
[INFO]: Running Static Timing Analysis...
[INFO]: current step index: 2
[INFO]: Synthesis was successful
[INFO]: Running Floorplanning...
[INFO]: Running Initial Floorplanning...
[INFO]: current step index: 3
[INFO]: Core area width: 73.14
[INFO]: Core area height: 70.72
[WARNING]: Current core area is too small for a power grid
[WARNING]: !!! THE POWER GRID WILL BE MINIMIZED. !!!
[INFO]: Final Vertical PDN Offset: 12.19
[INFO]: Final Horizontal PDN Offset: 11.786666666666667
[INFO]: Final Vertical PDN Pitch: 24.38
[INFO]: Final Horizontal PDN Pitch: 23.573333333333334
[INFO]: Changing layout from 0 to /openLANE_flow/designs/dvsd_8216m3/runs/23-08_11-12/tmp/floorplan/3-verilog2def_openroad.def
[INFO]: Running IO Placement...
[INFO]: current step index: 4
[INFO]: Changing layout from /openLANE_flow/designs/dvsd_8216m3/runs/23-08_11-12/tmp/floorplan/3-verilog2def_openroad.def to /openLANE_flow/designs/dvsd_8216m3/runs/23-08_11-12/tmp/floorplan/4-ioPlacer.def
[INFO]: Running Tap/Decap Insertion...
[INFO]: current step index: 5
[INFO]: Changing layout from /openLANE_flow/designs/dvsd_8216m3/runs/23-08_11-12/tmp/floorplan/4-ioPlacer.def to /openLANE_flow/designs/dvsd_8216m3/runs/23-08_11-12/results/floorplan/dvsd_8216m3.floorplan.def
[INFO]: Power planning the following nets
[INFO]: Power: VPWR
[INFO]: Ground: VGND
[INFO]: Generating PDN...
[INFO]: current step index: 6
[INFO]: PDN generation was successful.
[INFO]: Changing layout from /openLANE_flow/designs/dvsd_8216m3/runs/23-08_11-12/results/floorplan/dvsd_8216m3.floorplan.def to /openLANE_flow/designs/dvsd_8216m3/runs/23-08_11-12/tmp/floorplan/6-pdn.def
[INFO]: Running Placement...
[INFO]: Running Global Placement...
[INFO]: current step index: 7
[INFO]: Global placement was successful
[INFO]: Changing layout from /openLANE_flow/designs/dvsd_8216m3/runs/23-08_11-12/tmp/floorplan/6-pdn.def to /openLANE_flow/designs/dvsd_8216m3/runs/23-08_11-12/tmp/placement/7-replace.def
[INFO]: Running Resizer Design Optimizations...
[INFO]: Generating Exclude List...
[INFO]: Creating ::env(DONT_USE_CELLS)...
[INFO]: Changing layout from /openLANE_flow/designs/dvsd_8216m3/runs/23-08_11-12/tmp/placement/7-replace.def to /openLANE_flow/designs/dvsd_8216m3/runs/23-08_11-12/tmp/placement/7-resizer.def
[INFO]: Writing Verilog...
[INFO]: current step index: 8
[INFO]: Changing netlist from /openLANE_flow/designs/dvsd_8216m3/runs/23-08_11-12/results/synthesis/dvsd_8216m3.synthesis.v to /openLANE_flow/designs/dvsd_8216m3/runs/23-08_11-12/results/synthesis/dvsd_8216m3.synthesis_optimized.v
[INFO]: Running Static Timing Analysis...
[INFO]: current step index: 9
[INFO]: Running Detailed Placement...
[INFO]: current step index: 10
[INFO]: Changing layout from /openLANE_flow/designs/dvsd_8216m3/runs/23-08_11-12/tmp/placement/7-resizer.def to /openLANE_flow/designs/dvsd_8216m3/runs/23-08_11-12/results/placement/dvsd_8216m3.placement.def
[INFO]: Changing layout from /openLANE_flow/designs/dvsd_8216m3/runs/23-08_11-12/results/placement/dvsd_8216m3.placement.def to /openLANE_flow/designs/dvsd_8216m3/runs/23-08_11-12/results/placement/dvsd_8216m3.placement.def
