#! /usr/bin/vvp
:ivl_version "10.3 (stable)";
:ivl_delay_selection "TYPICAL";
:vpi_time_precision - 12;
:vpi_module "system";
:vpi_module "vhdl_sys";
:vpi_module "v2005_math";
:vpi_module "va_math";
S_0x563cbcd702f0 .scope module, "dvsd_8216m11_tb" "dvsd_8216m11_tb" 2 10;
 .timescale -9 -12;
v0x563cbcd8b6a0_0 .var "a", 7 0;
v0x563cbcd8b780_0 .var "b", 7 0;
v0x563cbcd8b850_0 .var "clock", 0 0;
v0x563cbcd8b950_0 .var/i "i", 31 0;
v0x563cbcd8b9f0_0 .net "m", 15 0, v0x563cbcd8b460_0;  1 drivers
v0x563cbcd8bae0_0 .var "p", 15 0;
E_0x563cbcd6d710 .event posedge, v0x563cbcd8b1b0_0;
S_0x563cbcd70490 .scope module, "DUT" "dvsd_8216m11" 2 57, 3 1 0, S_0x563cbcd702f0;
 .timescale -9 -12;
    .port_info 0 /INPUT 8 "a"
    .port_info 1 /INPUT 8 "b"
    .port_info 2 /INPUT 1 "clock"
    .port_info 3 /OUTPUT 16 "m"
v0x563cbcd4cea0_0 .net "a", 7 0, v0x563cbcd8b6a0_0;  1 drivers
v0x563cbcd5f020_0 .net "b", 7 0, v0x563cbcd8b780_0;  1 drivers
v0x563cbcd8b1b0_0 .net "clock", 0 0, v0x563cbcd8b850_0;  1 drivers
v0x563cbcd8b250_0 .var "dock", 15 0;
v0x563cbcd8b330_0 .var "i", 2 0;
v0x563cbcd8b460_0 .var "m", 15 0;
v0x563cbcd8b540_0 .var "ship", 15 0;
E_0x563cbcd6e160 .event edge, v0x563cbcd5f020_0, v0x563cbcd4cea0_0;
    .scope S_0x563cbcd70490;
T_0 ;
    %pushi/vec4 0, 0, 16;
    %store/vec4 v0x563cbcd8b250_0, 0, 16;
    %pushi/vec4 0, 0, 16;
    %store/vec4 v0x563cbcd8b540_0, 0, 16;
    %end;
    .thread T_0;
    .scope S_0x563cbcd70490;
T_1 ;
    %wait E_0x563cbcd6e160;
    %pushi/vec4 0, 0, 3;
    %store/vec4 v0x563cbcd8b330_0, 0, 3;
T_1.0 ;
    %load/vec4 v0x563cbcd8b330_0;
    %pad/u 32;
    %cmpi/u 8, 0, 32;
    %jmp/0xz T_1.1, 5;
    %load/vec4 v0x563cbcd5f020_0;
    %load/vec4 v0x563cbcd8b330_0;
    %part/u 1;
    %cmpi/e 0, 0, 1;
    %jmp/0xz  T_1.2, 4;
    %load/vec4 v0x563cbcd8b460_0;
    %addi 0, 0, 16;
    %store/vec4 v0x563cbcd8b460_0, 0, 16;
    %jmp T_1.3;
T_1.2 ;
    %load/vec4 v0x563cbcd4cea0_0;
    %pad/u 16;
    %store/vec4 v0x563cbcd8b540_0, 0, 16;
    %load/vec4 v0x563cbcd8b460_0;
    %load/vec4 v0x563cbcd8b540_0;
    %ix/getv 4, v0x563cbcd8b330_0;
    %shiftl 4;
    %add;
    %store/vec4 v0x563cbcd8b460_0, 0, 16;
T_1.3 ;
    %load/vec4 v0x563cbcd8b330_0;
    %addi 1, 0, 3;
    %store/vec4 v0x563cbcd8b330_0, 0, 3;
    %jmp T_1.0;
T_1.1 ;
    %jmp T_1;
    .thread T_1, $push;
    .scope S_0x563cbcd702f0;
T_2 ;
    %delay 2000, 0;
    %load/vec4 v0x563cbcd8b850_0;
    %inv;
    %store/vec4 v0x563cbcd8b850_0, 0, 1;
    %jmp T_2;
    .thread T_2;
    .scope S_0x563cbcd702f0;
T_3 ;
    %pushi/vec4 0, 0, 1;
    %store/vec4 v0x563cbcd8b850_0, 0, 1;
    %pushi/vec4 0, 0, 8;
    %store/vec4 v0x563cbcd8b6a0_0, 0, 8;
    %pushi/vec4 0, 0, 8;
    %store/vec4 v0x563cbcd8b780_0, 0, 8;
    %load/vec4 v0x563cbcd8b6a0_0;
    %pad/u 16;
    %load/vec4 v0x563cbcd8b780_0;
    %pad/u 16;
    %mul;
    %store/vec4 v0x563cbcd8bae0_0, 0, 16;
    %pushi/vec4 0, 0, 32;
    %store/vec4 v0x563cbcd8b950_0, 0, 32;
T_3.0 ;
    %load/vec4 v0x563cbcd8b950_0;
    %cmpi/s 4, 0, 32;
    %jmp/0xz T_3.1, 5;
    %wait E_0x563cbcd6d710;
    %vpi_func 2 30 "$random" 32 {0 0 0};
    %pushi/vec4 65536, 0, 32;
    %mod;
    %pad/u 16;
    %split/vec4 8;
    %store/vec4 v0x563cbcd8b6a0_0, 0, 8;
    %store/vec4 v0x563cbcd8b780_0, 0, 8;
    %load/vec4 v0x563cbcd8b6a0_0;
    %pad/u 16;
    %load/vec4 v0x563cbcd8b780_0;
    %pad/u 16;
    %mul;
    %store/vec4 v0x563cbcd8bae0_0, 0, 16;
    %load/vec4 v0x563cbcd8b950_0;
    %addi 1, 0, 32;
    %store/vec4 v0x563cbcd8b950_0, 0, 32;
    %jmp T_3.0;
T_3.1 ;
    %wait E_0x563cbcd6d710;
    %pushi/vec4 65535, 0, 16;
    %split/vec4 8;
    %store/vec4 v0x563cbcd8b780_0, 0, 8;
    %store/vec4 v0x563cbcd8b6a0_0, 0, 8;
    %load/vec4 v0x563cbcd8b6a0_0;
    %pad/u 16;
    %load/vec4 v0x563cbcd8b780_0;
    %pad/u 16;
    %mul;
    %store/vec4 v0x563cbcd8bae0_0, 0, 16;
    %pushi/vec4 150, 0, 8;
    %store/vec4 v0x563cbcd8b6a0_0, 0, 8;
    %pushi/vec4 150, 0, 8;
    %store/vec4 v0x563cbcd8b780_0, 0, 8;
    %load/vec4 v0x563cbcd8b6a0_0;
    %pad/u 16;
    %load/vec4 v0x563cbcd8b780_0;
    %pad/u 16;
    %mul;
    %store/vec4 v0x563cbcd8bae0_0, 0, 16;
    %end;
    .thread T_3;
    .scope S_0x563cbcd702f0;
T_4 ;
    %vpi_call 2 44 "$timeformat", 32'sb11111111111111111111111111110111, 32'sb00000000000000000000000000000011, " ns", 32'sb00000000000000000000000000001001 {0 0 0};
    %vpi_call 2 45 "$dumpfile", "dvsd_8216m11_tb.vcd" {0 0 0};
    %vpi_call 2 46 "$dumpvars", 32'sb00000000000000000000000000000000, S_0x563cbcd702f0 {0 0 0};
    %vpi_call 2 48 "$display", "Time\011\011A\011\011B\011\011M(Obtained)\011\011P(Required)" {0 0 0};
    %vpi_call 2 49 "$monitor", "%0t\011%b %b", $time, &PV<v0x563cbcd8b6a0_0, 4, 4>, &PV<v0x563cbcd8b6a0_0, 0, 4>, "\011", "%b %b", &PV<v0x563cbcd8b780_0, 4, 4>, &PV<v0x563cbcd8b780_0, 0, 4>, "\011", "%b %b %b %b\011", &PV<v0x563cbcd8b9f0_0, 12, 4>, &PV<v0x563cbcd8b9f0_0, 8, 4>, &PV<v0x563cbcd8b9f0_0, 4, 4>, &PV<v0x563cbcd8b9f0_0, 0, 4>, "%b %b %b %b", &PV<v0x563cbcd8bae0_0, 12, 4>, &PV<v0x563cbcd8bae0_0, 8, 4>, &PV<v0x563cbcd8bae0_0, 4, 4>, &PV<v0x563cbcd8bae0_0, 0, 4> {0 0 0};
    %delay 25000, 0;
    %vpi_call 2 54 "$finish" {0 0 0};
    %end;
    .thread T_4;
# The file index is used to find the file name in the following table.
:file_names 4;
    "N/A";
    "<interactive>";
    "../tb/dvsd_8216m11_tb.v";
    "./../rtl/dvsd_8216m11.v";
