Mon Aug 23 12:39:09 UTC 2021 - Executing "openroad -python /openLANE_flow/scripts/extract_metal_layers.py -t /home/drako/applications/vsdflow/work/tools/openlane_working_dir/openlane/pdks/sky130A/libs.ref/sky130_fd_sc_hd/techlef/sky130_fd_sc_hd.tlef -o /openLANE_flow/designs/dvsd_8216m3/runs/final_run/tmp/met_layers_list.txt"

Mon Aug 23 12:39:13 UTC 2021 - Executing "/openLANE_flow/scripts/mergeLef.py -i /home/drako/applications/vsdflow/work/tools/openlane_working_dir/openlane/pdks/sky130A/libs.ref/sky130_fd_sc_hd/techlef/sky130_fd_sc_hd.tlef {/home/drako/applications/vsdflow/work/tools/openlane_working_dir/openlane/pdks/sky130A/libs.ref/sky130_fd_sc_hd/lef/sky130_ef_sc_hd__fakediode_2.lef /home/drako/applications/vsdflow/work/tools/openlane_working_dir/openlane/pdks/sky130A/libs.ref/sky130_fd_sc_hd/lef/sky130_ef_sc_hd__decap_12.lef /home/drako/applications/vsdflow/work/tools/openlane_working_dir/openlane/pdks/sky130A/libs.ref/sky130_fd_sc_hd/lef/sky130_ef_sc_hd__fill_12.lef /home/drako/applications/vsdflow/work/tools/openlane_working_dir/openlane/pdks/sky130A/libs.ref/sky130_fd_sc_hd/lef/sky130_fd_sc_hd.lef /home/drako/applications/vsdflow/work/tools/openlane_working_dir/openlane/pdks/sky130A/libs.ref/sky130_fd_sc_hd/lef/sky130_ef_sc_hd__fill_8.lef} -o /openLANE_flow/designs/dvsd_8216m3/runs/final_run/tmp/merged_unpadded.lef |& tee >&@stdout"

Mon Aug 23 12:39:13 UTC 2021 - Executing "/openLANE_flow/scripts/libtrim.pl /home/drako/applications/vsdflow/work/tools/openlane_working_dir/openlane/pdks/sky130A/libs.ref/sky130_fd_sc_hd/lib/sky130_fd_sc_hd__tt_025C_1v80.lib /openLANE_flow/designs/dvsd_8216m3/runs/final_run/tmp/trimmed.lib.exclude.list > /openLANE_flow/designs/dvsd_8216m3/runs/final_run/tmp/trimmed.lib"

Mon Aug 23 12:39:14 UTC 2021 - Executing "openroad -python /openLANE_flow/scripts/new_tracks.py -i /home/drako/applications/vsdflow/work/tools/openlane_working_dir/openlane/pdks/sky130A/libs.tech/openlane/sky130_fd_sc_hd/tracks.info -o /openLANE_flow/designs/dvsd_8216m3/runs/final_run/tmp/config.tracks"

Mon Aug 23 12:39:17 UTC 2021 - Executing "echo {openlane 2021.08.02_05.21.44-10-g71ad1f0} > /openLANE_flow/designs/dvsd_8216m3/runs/final_run/OPENLANE_VERSION"

Mon Aug 23 12:39:17 UTC 2021 - Executing "sed -E {s/^([[:space:]]+)pg_pin(.*)/\1pin\2\n\1    direction : "inout";/g} /home/drako/applications/vsdflow/work/tools/openlane_working_dir/openlane/pdks/sky130A/libs.ref/sky130_fd_sc_hd/lib/sky130_fd_sc_hd__tt_025C_1v80.lib > /openLANE_flow/designs/dvsd_8216m3/runs/final_run/tmp/sky130_fd_sc_hd__tt_025C_1v80.no_pg.lib"

Mon Aug 23 12:39:17 UTC 2021 - Executing "yosys -c /openLANE_flow/scripts/synth.tcl -l /openLANE_flow/designs/dvsd_8216m3/runs/final_run/logs/synthesis/1-yosys.log |& tee >&@stdout"

Mon Aug 23 12:39:23 UTC 2021 - Executing "sed -i -e {s/\(set ::env(CURRENT_NETLIST)\).*/\1 \/openLANE_flow\/designs\/dvsd_8216m3\/runs\/final_run\/results\/synthesis\/dvsd_8216m3.synthesis.v/} /openLANE_flow/designs/dvsd_8216m3/runs/final_run/config.tcl"

Mon Aug 23 12:39:23 UTC 2021 - Executing "sed -i -e {s/\(set ::env(PREV_NETLIST)\).*/\1 0/} /openLANE_flow/designs/dvsd_8216m3/runs/final_run/config.tcl"

Mon Aug 23 12:39:23 UTC 2021 - Executing "sed -i /defparam/d /openLANE_flow/designs/dvsd_8216m3/runs/final_run/results/synthesis/dvsd_8216m3.synthesis.v"

Mon Aug 23 12:39:23 UTC 2021 - Executing "openroad -exit /openLANE_flow/scripts/sta.tcl |& tee >&@stdout /openLANE_flow/designs/dvsd_8216m3/runs/final_run/logs/synthesis/2-opensta"

Mon Aug 23 12:39:29 UTC 2021 - Executing "openroad -exit /openLANE_flow/scripts/openroad/or_floorplan.tcl |& tee >&@stdout /openLANE_flow/designs/dvsd_8216m3/runs/final_run/logs/floorplan/3-verilog2def.openroad.log"

Mon Aug 23 12:39:34 UTC 2021 - Executing "openroad -exit /openLANE_flow/scripts/openroad/or_ioplacer.tcl |& tee >&@stdout /openLANE_flow/designs/dvsd_8216m3/runs/final_run/logs/floorplan/4-ioPlacer.log"

Mon Aug 23 12:39:38 UTC 2021 - Executing "openroad -exit /openLANE_flow/scripts/openroad/or_tapcell.tcl |& tee >&@stdout /openLANE_flow/designs/dvsd_8216m3/runs/final_run/logs/floorplan/5-tapcell.log"

Mon Aug 23 12:39:42 UTC 2021 - Executing "openroad -exit /openLANE_flow/scripts/openroad/or_pdn.tcl |& tee >&@stdout /openLANE_flow/designs/dvsd_8216m3/runs/final_run/logs/floorplan/6-pdn.log"

Mon Aug 23 12:39:47 UTC 2021 - Executing "openroad -exit /openLANE_flow/scripts/openroad/or_replace.tcl |& tee >&@stdout /openLANE_flow/designs/dvsd_8216m3/runs/final_run/logs/placement/7-replace.log"

Mon Aug 23 12:40:02 UTC 2021 - Executing "openroad -exit /openLANE_flow/scripts/openroad/or_resizer.tcl |& tee >&@stdout /openLANE_flow/designs/dvsd_8216m3/runs/final_run/logs/placement/7-resizer.log"

Mon Aug 23 12:40:08 UTC 2021 - Executing "openroad -exit /openLANE_flow/scripts/openroad/or_write_verilog.tcl |& tee >&@stdout /openLANE_flow/designs/dvsd_8216m3/runs/final_run/logs/8-write_verilog.log"

Mon Aug 23 12:40:12 UTC 2021 - Executing "sed -i -e {s/\(set ::env(CURRENT_NETLIST)\).*/\1 \/openLANE_flow\/designs\/dvsd_8216m3\/runs\/final_run\/results\/synthesis\/dvsd_8216m3.synthesis_optimized.v/} /openLANE_flow/designs/dvsd_8216m3/runs/final_run/config.tcl"

Mon Aug 23 12:40:12 UTC 2021 - Executing "sed -i -e {s/\(set ::env(PREV_NETLIST)\).*/\1 \/openLANE_flow\/designs\/dvsd_8216m3\/runs\/final_run\/results\/synthesis\/dvsd_8216m3.synthesis.v/} /openLANE_flow/designs/dvsd_8216m3/runs/final_run/config.tcl"

Mon Aug 23 12:40:12 UTC 2021 - Executing "openroad -exit /openLANE_flow/scripts/sta.tcl |& tee >&@stdout /openLANE_flow/designs/dvsd_8216m3/runs/final_run/logs/synthesis/9-opensta_post_resizer"

Mon Aug 23 12:40:18 UTC 2021 - Executing "openroad -exit /openLANE_flow/scripts/openroad/or_opendp.tcl |& tee >&@stdout /openLANE_flow/designs/dvsd_8216m3/runs/final_run/logs/placement/10-opendp.log"

Mon Aug 23 12:40:22 UTC 2021 - Executing "/openLANE_flow/scripts/libtrim.pl /home/drako/applications/vsdflow/work/tools/openlane_working_dir/openlane/pdks/sky130A/libs.ref/sky130_fd_sc_hd/lib/sky130_fd_sc_hd__tt_025C_1v80.lib /openLANE_flow/designs/dvsd_8216m3/runs/final_run/tmp/cts.lib.exclude.list > /openLANE_flow/designs/dvsd_8216m3/runs/final_run/tmp/cts.lib"

Mon Aug 23 12:40:22 UTC 2021 - Executing "openroad -exit /openLANE_flow/scripts/openroad/or_cts.tcl |& tee >&@stdout /openLANE_flow/designs/dvsd_8216m3/runs/final_run/logs/cts/11-cts.log"

Mon Aug 23 12:42:27 UTC 2021 - Executing "openroad -exit /openLANE_flow/scripts/openroad/or_write_verilog.tcl |& tee >&@stdout /openLANE_flow/designs/dvsd_8216m3/runs/final_run/logs/12-write_verilog.log"

Mon Aug 23 12:42:31 UTC 2021 - Executing "sed -i -e {s/\(set ::env(CURRENT_NETLIST)\).*/\1 \/openLANE_flow\/designs\/dvsd_8216m3\/runs\/final_run\/results\/synthesis\/dvsd_8216m3.synthesis_cts.v/} /openLANE_flow/designs/dvsd_8216m3/runs/final_run/config.tcl"

Mon Aug 23 12:42:31 UTC 2021 - Executing "sed -i -e {s/\(set ::env(PREV_NETLIST)\).*/\1 \/openLANE_flow\/designs\/dvsd_8216m3\/runs\/final_run\/results\/synthesis\/dvsd_8216m3.synthesis_optimized.v/} /openLANE_flow/designs/dvsd_8216m3/runs/final_run/config.tcl"

Mon Aug 23 12:42:31 UTC 2021 - Executing "openroad -exit /openLANE_flow/scripts/openroad/or_resizer_timing.tcl |& tee >&@stdout /openLANE_flow/designs/dvsd_8216m3/runs/final_run/logs/placement/12-resizer_timing.log"

Mon Aug 23 12:42:38 UTC 2021 - Executing "openroad -exit /openLANE_flow/scripts/openroad/or_write_verilog.tcl |& tee >&@stdout /openLANE_flow/designs/dvsd_8216m3/runs/final_run/logs/13-write_verilog.log"

Mon Aug 23 12:42:42 UTC 2021 - Executing "sed -i -e {s/\(set ::env(CURRENT_NETLIST)\).*/\1 \/openLANE_flow\/designs\/dvsd_8216m3\/runs\/final_run\/results\/synthesis\/dvsd_8216m3.synthesis_optimized.v/} /openLANE_flow/designs/dvsd_8216m3/runs/final_run/config.tcl"

Mon Aug 23 12:42:42 UTC 2021 - Executing "sed -i -e {s/\(set ::env(PREV_NETLIST)\).*/\1 \/openLANE_flow\/designs\/dvsd_8216m3\/runs\/final_run\/results\/synthesis\/dvsd_8216m3.synthesis_cts.v/} /openLANE_flow/designs/dvsd_8216m3/runs/final_run/config.tcl"

Mon Aug 23 12:42:42 UTC 2021 - Executing "openroad -exit /openLANE_flow/scripts/sta.tcl |& tee >&@stdout /openLANE_flow/designs/dvsd_8216m3/runs/final_run/logs/synthesis/14-opensta_post_resizer_timing"

Mon Aug 23 12:42:48 UTC 2021 - Executing "openroad -exit /openLANE_flow/scripts/openroad/or_groute.tcl |& tee >&@stdout /openLANE_flow/designs/dvsd_8216m3/runs/final_run/logs/routing/15-fastroute.log"

Mon Aug 23 12:42:57 UTC 2021 - Executing "openroad -exit /openLANE_flow/scripts/openroad/or_fill.tcl |& tee >&@stdout /openLANE_flow/designs/dvsd_8216m3/runs/final_run/logs/routing/16-addspacers.log"

Mon Aug 23 12:43:04 UTC 2021 - Executing "openroad -exit /openLANE_flow/scripts/openroad/or_write_verilog.tcl |& tee >&@stdout /openLANE_flow/designs/dvsd_8216m3/runs/final_run/logs/17-write_verilog.log"

Mon Aug 23 12:43:11 UTC 2021 - Executing "sed -i -e {s/\(set ::env(CURRENT_NETLIST)\).*/\1 \/openLANE_flow\/designs\/dvsd_8216m3\/runs\/final_run\/results\/synthesis\/dvsd_8216m3.synthesis_preroute.v/} /openLANE_flow/designs/dvsd_8216m3/runs/final_run/config.tcl"

Mon Aug 23 12:43:11 UTC 2021 - Executing "sed -i -e {s/\(set ::env(PREV_NETLIST)\).*/\1 \/openLANE_flow\/designs\/dvsd_8216m3\/runs\/final_run\/results\/synthesis\/dvsd_8216m3.synthesis_optimized.v/} /openLANE_flow/designs/dvsd_8216m3/runs/final_run/config.tcl"

Mon Aug 23 12:43:11 UTC 2021 - Executing "envsubst < /openLANE_flow/scripts/tritonRoute.param > /openLANE_flow/designs/dvsd_8216m3/runs/final_run/tmp/routing/18-tritonRoute.param"

Mon Aug 23 12:43:11 UTC 2021 - Executing "openroad -exit /openLANE_flow/scripts/openroad/or_droute.tcl |& tee >&@stdout /openLANE_flow/designs/dvsd_8216m3/runs/final_run/logs/routing/18-tritonRoute.log"

Mon Aug 23 12:44:18 UTC 2021 - Executing "openroad -python /openLANE_flow/scripts/tr2klayout.py -i /openLANE_flow/designs/dvsd_8216m3/runs/final_run/reports/routing/18-tritonRoute.drc -o /openLANE_flow/designs/dvsd_8216m3/runs/final_run/reports/routing/18-tritonRoute.klayout.xml --design-name dvsd_8216m3"

Mon Aug 23 12:44:24 UTC 2021 - Executing "openroad -python /openLANE_flow/scripts/spef_extractor/main.py -l /openLANE_flow/designs/dvsd_8216m3/runs/final_run/tmp/merged_unpadded.lef -d /openLANE_flow/designs/dvsd_8216m3/runs/final_run/results/routing/17-dvsd_8216m3.def -mw L -ec 1 |& tee >&@stdout /openLANE_flow/designs/dvsd_8216m3/runs/final_run/logs/routing/19-spef_extraction.log"

Mon Aug 23 12:44:31 UTC 2021 - Executing "openroad -exit /openLANE_flow/scripts/sta.tcl |& tee >&@stdout /openLANE_flow/designs/dvsd_8216m3/runs/final_run/logs/synthesis/20-opensta_spef"

Mon Aug 23 12:44:39 UTC 2021 - Executing "openroad -python /openLANE_flow/scripts/write_powered_def.py -d /openLANE_flow/designs/dvsd_8216m3/runs/final_run/results/routing/17-dvsd_8216m3.def -l /openLANE_flow/designs/dvsd_8216m3/runs/final_run/tmp/merged.lef --power-port VPWR --ground-port VGND --powered-netlist {} -o /openLANE_flow/designs/dvsd_8216m3/runs/final_run/tmp/routing/21-dvsd_8216m3.powered.def |& tee >&@stdout /openLANE_flow/designs/dvsd_8216m3/runs/final_run/logs/lvs/21-write_powered_verilog.log"

Mon Aug 23 12:44:45 UTC 2021 - Executing "openroad -exit /openLANE_flow/scripts/openroad/or_write_verilog.tcl |& tee >&@stdout /openLANE_flow/designs/dvsd_8216m3/runs/final_run/logs/22-write_verilog.log"

Mon Aug 23 12:44:49 UTC 2021 - Executing "sed -i -e {s/\(set ::env(CURRENT_NETLIST)\).*/\1 \/openLANE_flow\/designs\/dvsd_8216m3\/runs\/final_run\/results\/lvs\/dvsd_8216m3.lvs.powered.v/} /openLANE_flow/designs/dvsd_8216m3/runs/final_run/config.tcl"

Mon Aug 23 12:44:49 UTC 2021 - Executing "sed -i -e {s/\(set ::env(PREV_NETLIST)\).*/\1 \/openLANE_flow\/designs\/dvsd_8216m3\/runs\/final_run\/results\/synthesis\/dvsd_8216m3.synthesis_preroute.v/} /openLANE_flow/designs/dvsd_8216m3/runs/final_run/config.tcl"

Mon Aug 23 12:44:49 UTC 2021 - Executing "magic -noconsole -dnull -rcfile /home/drako/applications/vsdflow/work/tools/openlane_working_dir/openlane/pdks/sky130A/libs.tech/magic/sky130A.magicrc /openLANE_flow/scripts/magic/mag_gds.tcl </dev/null |& tee >&@stdout /openLANE_flow/designs/dvsd_8216m3/runs/final_run/logs/magic/23-magic.log"

Mon Aug 23 12:44:52 UTC 2021 - Executing "magic -noconsole -dnull -rcfile /home/drako/applications/vsdflow/work/tools/openlane_working_dir/openlane/pdks/sky130A/libs.tech/magic/sky130A.magicrc /openLANE_flow/scripts/magic/gds_pointers.tcl </dev/null |& tee >&@stdout /openLANE_flow/designs/dvsd_8216m3/runs/final_run/logs/magic/24-magic.mag.gds_ptrs.log"

Mon Aug 23 12:44:53 UTC 2021 - Executing "sed -i -n {/^<< properties >>/,/^<< end >>/p} /openLANE_flow/designs/dvsd_8216m3/runs/final_run/tmp/magic/magic_gds_ptrs.mag"

Mon Aug 23 12:44:53 UTC 2021 - Executing "magic -noconsole -dnull -rcfile /home/drako/applications/vsdflow/work/tools/openlane_working_dir/openlane/pdks/sky130A/libs.tech/magic/sky130A.magicrc /openLANE_flow/scripts/magic/lef.tcl </dev/null |& tee >&@stdout /openLANE_flow/designs/dvsd_8216m3/runs/final_run/logs/magic/25-magic.lef.log"

Mon Aug 23 12:44:54 UTC 2021 - Executing "magic -noconsole -dnull -rcfile /home/drako/applications/vsdflow/work/tools/openlane_working_dir/openlane/pdks/sky130A/libs.tech/magic/sky130A.magicrc /openLANE_flow/scripts/magic/maglef.tcl </dev/null |& tee >&@stdout /openLANE_flow/designs/dvsd_8216m3/runs/final_run/logs/magic/26-magic.maglef.log"

Mon Aug 23 12:44:55 UTC 2021 - Executing "bash /openLANE_flow/scripts/klayout/def2gds.sh /home/drako/applications/vsdflow/work/tools/openlane_working_dir/openlane/pdks/sky130A/libs.tech/klayout/sky130A.lyt /openLANE_flow/designs/dvsd_8216m3/runs/final_run/results/routing/17-dvsd_8216m3.def dvsd_8216m3 /openLANE_flow/designs/dvsd_8216m3/runs/final_run/results/klayout/dvsd_8216m3.gds {/home/drako/applications/vsdflow/work/tools/openlane_working_dir/openlane/pdks/sky130A/libs.ref/sky130_fd_sc_hd/gds/sky130_ef_sc_hd__fill_12.gds /home/drako/applications/vsdflow/work/tools/openlane_working_dir/openlane/pdks/sky130A/libs.ref/sky130_fd_sc_hd/gds/sky130_fd_sc_hd.gds /home/drako/applications/vsdflow/work/tools/openlane_working_dir/openlane/pdks/sky130A/libs.ref/sky130_fd_sc_hd/gds/sky130_ef_sc_hd__fakediode_2.gds /home/drako/applications/vsdflow/work/tools/openlane_working_dir/openlane/pdks/sky130A/libs.ref/sky130_fd_sc_hd/gds/sky130_ef_sc_hd__decap_12.gds /home/drako/applications/vsdflow/work/tools/openlane_working_dir/openlane/pdks/sky130A/libs.ref/sky130_fd_sc_hd/gds/sky130_ef_sc_hd__fill_8.gds /home/drako/applications/vsdflow/work/tools/openlane_working_dir/openlane/pdks/sky130A/libs.ref/sky130_fd_sc_hd/gds/sky130_ef_sc_hd__fill_4.gds } |& tee >&@stdout /openLANE_flow/designs/dvsd_8216m3/runs/final_run/logs/klayout/27-klayout.log"

Mon Aug 23 12:45:06 UTC 2021 - Executing "bash /openLANE_flow/scripts/klayout/xor.sh /openLANE_flow/designs/dvsd_8216m3/runs/final_run/results/magic/dvsd_8216m3.gds /openLANE_flow/designs/dvsd_8216m3/runs/final_run/results/klayout/dvsd_8216m3.gds dvsd_8216m3 /openLANE_flow/designs/dvsd_8216m3/runs/final_run/results/klayout/dvsd_8216m3.xor.gds |& tee >&@stdout /openLANE_flow/designs/dvsd_8216m3/runs/final_run/logs/klayout/28-klayout.xor.log"

Mon Aug 23 12:45:13 UTC 2021 - Executing "openroad -python /openLANE_flow/scripts/parse_klayout_xor_log.py -l /openLANE_flow/designs/dvsd_8216m3/runs/final_run/logs/klayout/28-klayout.xor.log -o /openLANE_flow/designs/dvsd_8216m3/runs/final_run/reports/klayout/28-klayout.xor.rpt"

Mon Aug 23 12:45:19 UTC 2021 - Executing "bash /openLANE_flow/scripts/klayout/xor.sh /openLANE_flow/designs/dvsd_8216m3/runs/final_run/results/magic/dvsd_8216m3.gds /openLANE_flow/designs/dvsd_8216m3/runs/final_run/results/klayout/dvsd_8216m3.gds dvsd_8216m3 /openLANE_flow/designs/dvsd_8216m3/runs/final_run/results/klayout/dvsd_8216m3.xor.xml |& tee >&@stdout /openLANE_flow/designs/dvsd_8216m3/runs/final_run/logs/klayout/29-klayout.xor.log"

Mon Aug 23 12:45:30 UTC 2021 - Executing "openroad -python /openLANE_flow/scripts/parse_klayout_xor_log.py -l /openLANE_flow/designs/dvsd_8216m3/runs/final_run/logs/klayout/29-klayout.xor.log -o /openLANE_flow/designs/dvsd_8216m3/runs/final_run/reports/klayout/29-klayout.xor.rpt"

Mon Aug 23 12:45:36 UTC 2021 - Executing "magic -noconsole -dnull -rcfile /home/drako/applications/vsdflow/work/tools/openlane_working_dir/openlane/pdks/sky130A/libs.tech/magic/sky130A.magicrc /openLANE_flow/designs/dvsd_8216m3/runs/final_run/tmp/magic_spice.tcl </dev/null |& tee >&@stdout /openLANE_flow/designs/dvsd_8216m3/runs/final_run/logs/magic/30-magic_spice.log"

Mon Aug 23 12:45:38 UTC 2021 - Executing "netgen -batch source /openLANE_flow/designs/dvsd_8216m3/runs/final_run/tmp/lvs/setup_file.lef.lvs |& tee >&@stdout /openLANE_flow/designs/dvsd_8216m3/runs/final_run/logs/lvs/31-lvs.lef.log"

Mon Aug 23 12:45:39 UTC 2021 - Executing "magic -noconsole -dnull -rcfile /home/drako/applications/vsdflow/work/tools/openlane_working_dir/openlane/pdks/sky130A/libs.tech/magic/sky130A.magicrc /openLANE_flow/scripts/magic/drc.tcl </dev/null |& tee >&@stdout /openLANE_flow/designs/dvsd_8216m3/runs/final_run/logs/magic/32-magic.drc.log"

Mon Aug 23 12:45:42 UTC 2021 - Executing "openroad -python /openLANE_flow/scripts/magic_drc_to_tcl.py -i /openLANE_flow/designs/dvsd_8216m3/runs/final_run/reports/magic/32-magic.drc -o /openLANE_flow/designs/dvsd_8216m3/runs/final_run/reports/magic/32-magic.drc.tcl"

Mon Aug 23 12:45:46 UTC 2021 - Executing "openroad -python /openLANE_flow/scripts/magic_drc_to_tr_drc.py -i /openLANE_flow/designs/dvsd_8216m3/runs/final_run/reports/magic/32-magic.drc -o /openLANE_flow/designs/dvsd_8216m3/runs/final_run/reports/magic/32-magic.tr.drc"

Mon Aug 23 12:45:50 UTC 2021 - Executing "openroad -python /openLANE_flow/scripts/tr2klayout.py -i /openLANE_flow/designs/dvsd_8216m3/runs/final_run/reports/magic/32-magic.tr.drc -o /openLANE_flow/designs/dvsd_8216m3/runs/final_run/reports/magic/32-magic.drc.klayout.xml --design-name dvsd_8216m3"

Mon Aug 23 12:45:54 UTC 2021 - Executing "openroad -python /openLANE_flow/scripts/magic_drc_to_rdb.py --magic_drc_in /openLANE_flow/designs/dvsd_8216m3/runs/final_run/reports/magic/32-magic.drc --rdb_out /openLANE_flow/designs/dvsd_8216m3/runs/final_run/reports/magic/32-magic.drc.rdb"

Mon Aug 23 12:45:58 UTC 2021 - Executing "openroad -exit /openLANE_flow/scripts/openroad/or_antenna_check.tcl |& tee >&@stdout /openLANE_flow/designs/dvsd_8216m3/runs/final_run/logs/routing/33-or_antenna.log"

Mon Aug 23 12:46:02 UTC 2021 - Executing "mv -f /openLANE_flow/designs/dvsd_8216m3/runs/final_run/reports/routing/antenna.rpt /openLANE_flow/designs/dvsd_8216m3/runs/final_run/reports/routing/34-antenna.rpt"

Mon Aug 23 12:46:02 UTC 2021 - Executing "awk { BEGIN {  # Print power and standard_input definitions
    print "VPWR power 1.8";
    print "VGND power 0.0";
    print "#define std_input min@VGND max@VPWR";
}
$1 == "input" {  # Print input nets
    gsub(/;/, "");
    if ( $2 == "VPWR" || $2 == "VGND" ) {  # ignore power nets
        next;
    }
    if ( NF == 3 ) {  # print buses as net[range]
        $2 = $3 $2;
    }
    print $2, "input std_input";
}} /openLANE_flow/designs/dvsd_8216m3/runs/final_run/results/lvs/dvsd_8216m3.lvs.powered.v > /openLANE_flow/designs/dvsd_8216m3/runs/final_run/results/cvc/dvsd_8216m3.power"

Mon Aug 23 12:46:02 UTC 2021 - Executing "awk { /Black-box entry subcircuit/ {  # remove black-box defintions
    while ( $1 != ".ends" ) {
        getline;
    }
    getline;
}
/^\*/ {  # remove comments
    next;
}
/^.ENDS .*/ {  # remove name from ends lines
    print $1;
    next;
}
 {
    print $0;
}} /home/drako/applications/vsdflow/work/tools/openlane_working_dir/openlane/pdks/sky130A/libs.ref/sky130_fd_sc_hd/cdl/sky130_fd_sc_hd.cdl /openLANE_flow/designs/dvsd_8216m3/runs/final_run/results/magic/dvsd_8216m3.lef.spice > /openLANE_flow/designs/dvsd_8216m3/runs/final_run/results/cvc/dvsd_8216m3.cdl"

Mon Aug 23 12:46:02 UTC 2021 - Executing "cvc /openLANE_flow/scripts/cvc/sky130A/cvcrc.sky130A |& tee >&@stdout /openLANE_flow/designs/dvsd_8216m3/runs/final_run/logs/cvc/35-cvc_screen.log"

Mon Aug 23 12:46:03 UTC 2021 - Executing "openroad -python /openLANE_flow/report_generation_wrapper.py -d /openLANE_flow/designs/dvsd_8216m3 -dn dvsd_8216m3 -t final_run -o /openLANE_flow/designs/dvsd_8216m3/runs/final_run/reports/final_summary_report.csv -m /openLANE_flow/designs/dvsd_8216m3/runs/final_run/reports/manufacturability_report.rpt -rs /openLANE_flow/designs/dvsd_8216m3/runs/final_run/reports/runtime_summary_report.rpt -r /openLANE_flow/designs/dvsd_8216m3/runs/final_run"

