OpenROAD 1 4d4d7205fd0292dbf3fae55fad9109b3f0bd5786
This program is licensed under the BSD-3 license. See the LICENSE file for details.
Components of this program may be licensed under more restrictive licenses which must be honored.
[INFO ODB-0222] Reading LEF file: /openLANE_flow/designs/dvsd_8216m9/runs/20-08_18-30/tmp/merged_unpadded.lef
[WARNING ODB-0220] WARNING (LEFPARS-2036): SOURCE statement is obsolete in version 5.6 and later.
The LEF parser will ignore this statement.
To avoid this warning in the future, remove this statement from the LEF file with version 5.6 or later. See file /openLANE_flow/designs/dvsd_8216m9/runs/20-08_18-30/tmp/merged_unpadded.lef at line 68238.

[INFO ODB-0223]     Created 13 technology layers
[INFO ODB-0224]     Created 25 technology vias
[INFO ODB-0225]     Created 441 library cells
[INFO ODB-0226] Finished LEF file:  /openLANE_flow/designs/dvsd_8216m9/runs/20-08_18-30/tmp/merged_unpadded.lef
[INFO ODB-0127] Reading DEF file: /openLANE_flow/designs/dvsd_8216m9/runs/20-08_18-30/tmp/floorplan/6-pdn.def
[INFO ODB-0128] Design: dvsd_8216m9
[INFO ODB-0130]     Created 34 pins.
[INFO ODB-0131]     Created 457 components and 2915 component-terminals.
[INFO ODB-0132]     Created 2 special nets and 1678 connections.
[INFO ODB-0133]     Created 342 nets and 1237 connections.
[INFO ODB-0134] Finished DEF file: /openLANE_flow/designs/dvsd_8216m9/runs/20-08_18-30/tmp/floorplan/6-pdn.def
[INFO GPL-0002] DBU: 1000
[INFO GPL-0003] SiteSize: 460 2720
[INFO GPL-0004] CoreAreaLxLy: 5520 10880
[INFO GPL-0005] CoreAreaUxUy: 82340 87040
[INFO GPL-0006] NumInstances: 457
[INFO GPL-0007] NumPlaceInstances: 326
[INFO GPL-0008] NumFixedInstances: 131
[INFO GPL-0009] NumDummyInstances: 0
[INFO GPL-0010] NumNets: 342
[INFO GPL-0011] NumPins: 1269
[INFO GPL-0012] DieAreaLxLy: 0 0
[INFO GPL-0013] DieAreaUxUy: 87920 98640
[INFO GPL-0014] CoreAreaLxLy: 5520 10880
[INFO GPL-0015] CoreAreaUxUy: 82340 87040
[INFO GPL-0016] CoreArea: 5850611200
[INFO GPL-0017] NonPlaceInstsArea: 304041600
[INFO GPL-0018] PlaceInstsArea: 2955334400
[INFO GPL-0019] Util(%): 53.28
[INFO GPL-0020] StdInstsArea: 2955334400
[INFO GPL-0021] MacroInstsArea: 0
[InitialPlace]  Iter: 1 CG Error: 0.00000006 HPWL: 5395940
[InitialPlace]  Iter: 2 CG Error: 0.00000005 HPWL: 4917419
[InitialPlace]  Iter: 3 CG Error: 0.00000010 HPWL: 4927110
[InitialPlace]  Iter: 4 CG Error: 0.00000010 HPWL: 4936621
[InitialPlace]  Iter: 5 CG Error: 0.00000011 HPWL: 4937086
[INFO GPL-0031] FillerInit: NumGCells: 336
[INFO GPL-0032] FillerInit: NumGNets: 342
[INFO GPL-0033] FillerInit: NumGPins: 1269
[INFO GPL-0023] TargetDensity: 0.55
[INFO GPL-0024] AveragePlaceInstArea: 9065442
[INFO GPL-0025] IdealBinArea: 16482621
[INFO GPL-0026] IdealBinCnt: 354
[INFO GPL-0027] TotalBinArea: 5850611200
[INFO GPL-0028] BinCnt: 16 16
[INFO GPL-0029] BinSize: 4802 4760
[INFO GPL-0030] NumBins: 256
[NesterovSolve] Iter: 1 overflow: 0.875485 HPWL: 3575702
[NesterovSolve] Iter: 10 overflow: 0.794019 HPWL: 4270908
[NesterovSolve] Iter: 20 overflow: 0.787723 HPWL: 4295210
[NesterovSolve] Iter: 30 overflow: 0.789789 HPWL: 4288069
[NesterovSolve] Iter: 40 overflow: 0.790011 HPWL: 4284056
[NesterovSolve] Iter: 50 overflow: 0.78925 HPWL: 4288251
[NesterovSolve] Iter: 60 overflow: 0.789559 HPWL: 4287791
[NesterovSolve] Iter: 70 overflow: 0.789666 HPWL: 4287302
[NesterovSolve] Iter: 80 overflow: 0.789299 HPWL: 4289417
[NesterovSolve] Iter: 90 overflow: 0.789004 HPWL: 4290986
[NesterovSolve] Iter: 100 overflow: 0.788603 HPWL: 4293488
[NesterovSolve] Iter: 110 overflow: 0.787794 HPWL: 4298477
[NesterovSolve] Iter: 120 overflow: 0.786568 HPWL: 4305906
[INFO GPL-0100] worst slack 1e+30
[WARNING GPL-0102] No slacks found. Timing-driven mode disabled.
[NesterovSolve] Iter: 130 overflow: 0.784487 HPWL: 4317954
[NesterovSolve] Iter: 140 overflow: 0.781067 HPWL: 4336979
[NesterovSolve] Iter: 150 overflow: 0.775166 HPWL: 4367301
[NesterovSolve] Iter: 160 overflow: 0.768608 HPWL: 4414261
[NesterovSolve] Iter: 170 overflow: 0.761089 HPWL: 4485910
[NesterovSolve] Iter: 180 overflow: 0.745632 HPWL: 4581202
[NesterovSolve] Iter: 190 overflow: 0.721752 HPWL: 4688992
[NesterovSolve] Iter: 200 overflow: 0.700422 HPWL: 4827920
[NesterovSolve] Iter: 210 overflow: 0.663314 HPWL: 4970668
[NesterovSolve] Iter: 220 overflow: 0.626331 HPWL: 5085857
[NesterovSolve] Snapshot saved at iter = 226
[NesterovSolve] Iter: 230 overflow: 0.58232 HPWL: 5209517
[NesterovSolve] Iter: 240 overflow: 0.532095 HPWL: 5264482
[NesterovSolve] Iter: 250 overflow: 0.487087 HPWL: 5387069
[NesterovSolve] Iter: 260 overflow: 0.438237 HPWL: 5451364
[NesterovSolve] Iter: 270 overflow: 0.399112 HPWL: 5605382
[NesterovSolve] Iter: 280 overflow: 0.354039 HPWL: 5768913
[NesterovSolve] Iter: 290 overflow: 0.314374 HPWL: 5889219
[NesterovSolve] Iter: 300 overflow: 0.279127 HPWL: 5999232
[NesterovSolve] Iter: 310 overflow: 0.243982 HPWL: 6119657
[NesterovSolve] Iter: 320 overflow: 0.215515 HPWL: 6208506
[INFO GPL-0075] Routability numCall: 1 inflationIterCnt: 1 bloatIterCnt: 0
[INFO GRT-0020] Min routing layer: li1
[INFO GRT-0021] Max routing layer: met5
[INFO GRT-0022] Global adjustment: 0%
[INFO GRT-0023] Grid origin: (0, 0)
[WARNING GRT-0043] No OR_DEFAULT vias defined.
[INFO GRT-0224] Chose via L1M1_PR as default.
[INFO GRT-0224] Chose via M1M2_PR as default.
[INFO GRT-0224] Chose via M2M3_PR as default.
[INFO GRT-0224] Chose via M3M4_PR as default.
[INFO GRT-0224] Chose via M4M5_PR as default.
[INFO GRT-0088] Layer li1     Track-Pitch = 0.4600  line-2-Via Pitch: 0.3400
[INFO GRT-0088] Layer met1    Track-Pitch = 0.3400  line-2-Via Pitch: 0.3400
[INFO GRT-0088] Layer met2    Track-Pitch = 0.4600  line-2-Via Pitch: 0.3500
[INFO GRT-0088] Layer met3    Track-Pitch = 0.6800  line-2-Via Pitch: 0.6150
[INFO GRT-0088] Layer met4    Track-Pitch = 0.9200  line-2-Via Pitch: 1.0400
[INFO GRT-0088] Layer met5    Track-Pitch = 3.4000  line-2-Via Pitch: 3.1100
[INFO GRT-0003] Macros: 0
[INFO GRT-0004] Blockages: 11991
[INFO GRT-0019] Found 0 clock nets.
[INFO GRT-0001] Minimum degree: 2
[INFO GRT-0002] Maximum degree: 6
[INFO GRT-0017] Processing 9454 blockages on layer li1.
[INFO GRT-0017] Processing 1083 blockages on layer met1.
[INFO GRT-0017] Processing 5 blockages on layer met4.
[INFO GRT-0017] Processing 5 blockages on layer met5.

[INFO GRT-0053] Routing resources analysis:
          Routing      Original      Derated      Resource
Layer     Direction    Resources     Resources    Reduction (%)
---------------------------------------------------------------
li1        Vertical         2520          2199          12.74%
met1       Horizontal       3360          2431          27.65%
met2       Vertical         2520          2457          2.50%
met3       Horizontal       1680          1551          7.68%
met4       Vertical         1008           972          3.57%
met5       Horizontal        336           297          11.61%
---------------------------------------------------------------

[INFO GRT-0111] Final number of vias: 552
[INFO GRT-0112] Final usage 3D: 2537

[INFO GRT-0096] Final congestion report:
Layer         Resource        Demand        Usage (%)    Max H / Max V / Total Overflow
---------------------------------------------------------------------------------------
li1               2199           404           18.37%             0 /  0 /  0
met1              2431           424           17.44%             0 /  0 /  0
met2              2457            31            1.26%             0 /  0 /  0
met3              1551            22            1.42%             0 /  0 /  0
met4               972             0            0.00%             0 /  0 /  0
met5               297             0            0.00%             0 /  0 /  0
---------------------------------------------------------------------------------------
Total             9907           881            8.89%             0 /  0 /  0

[INFO GRT-0018] Total wirelength: 10826 um
[INFO GPL-0036] TileLxLy: 0 0
[INFO GPL-0037] TileSize: 6900 6900
[INFO GPL-0038] TileCnt: 12 15
[INFO GPL-0039] numRoutingLayers: 6
[INFO GPL-0040] NumTiles: 180
[INFO GPL-0063] TotalRouteOverflowH2: 0.0
[INFO GPL-0064] TotalRouteOverflowV2: 0.0
[INFO GPL-0065] OverflowTileCnt2: 0
[INFO GPL-0066] 0.5%RC: 1.0
[INFO GPL-0067] 1.0%RC: 0.9733333349227905
[INFO GPL-0068] 2.0%RC: 0.9259259303410848
[INFO GPL-0069] 5.0%RC: 0.7749999924139543
[INFO GPL-0070] 0.5rcK: 1.0
[INFO GPL-0071] 1.0rcK: 1.0
[INFO GPL-0072] 2.0rcK: 0.0
[INFO GPL-0073] 5.0rcK: 0.0
[INFO GPL-0074] FinalRC: 0.9866667
[NesterovSolve] Iter: 330 overflow: 0.192871 HPWL: 6285234
[NesterovSolve] Iter: 340 overflow: 0.171708 HPWL: 6345962
[NesterovSolve] Iter: 350 overflow: 0.150507 HPWL: 6398483
[NesterovSolve] Iter: 360 overflow: 0.13234 HPWL: 6437341
[NesterovSolve] Iter: 370 overflow: 0.112062 HPWL: 6477299
[NesterovSolve] Finished with Overflow: 0.098353
create_clock [get_ports $::env(CLOCK_PORT)]  -name $::env(CLOCK_PORT)  -period $::env(CLOCK_PERIOD)
set input_delay_value [expr $::env(CLOCK_PERIOD) * $::env(IO_PCT)]
set output_delay_value [expr $::env(CLOCK_PERIOD) * $::env(IO_PCT)]
puts "\[INFO\]: Setting output delay to: $output_delay_value"
[INFO]: Setting output delay to: 0.0
puts "\[INFO\]: Setting input delay to: $input_delay_value"
[INFO]: Setting input delay to: 0.0
set_max_fanout $::env(SYNTH_MAX_FANOUT) [current_design]
set clk_indx [lsearch [all_inputs] [get_port $::env(CLOCK_PORT)]]
#set rst_indx [lsearch [all_inputs] [get_port resetn]]
set all_inputs_wo_clk [lreplace [all_inputs] $clk_indx $clk_indx]
#set all_inputs_wo_clk_rst [lreplace $all_inputs_wo_clk $rst_indx $rst_indx]
set all_inputs_wo_clk_rst $all_inputs_wo_clk
# correct resetn
set_input_delay $input_delay_value  -clock [get_clocks $::env(CLOCK_PORT)] $all_inputs_wo_clk_rst
#set_input_delay 0.0 -clock [get_clocks $::env(CLOCK_PORT)] {resetn}
set_output_delay $output_delay_value  -clock [get_clocks $::env(CLOCK_PORT)] [all_outputs]
# TODO set this as parameter
set_driving_cell -lib_cell $::env(SYNTH_DRIVING_CELL) -pin $::env(SYNTH_DRIVING_CELL_PIN) [all_inputs]
set cap_load [expr $::env(SYNTH_CAP_LOAD) / 1000.0]
puts "\[INFO\]: Setting load to: $cap_load"
[INFO]: Setting load to: 0.01765
set_load  $cap_load [all_outputs]
timing_report
No paths found.
timing_report_end
min_max_report
No paths found.
min_max_report_end
check_report
No paths found.
check_report_end
wns 0.00
tns 0.00
