
29. Printing statistics.

=== dvsd_8216m9 ===

   Number of wires:                313
   Number of wire bits:            342
   Number of public wires:           3
   Number of public wire bits:      32
   Number of memories:               0
   Number of memory bits:            0
   Number of processes:              0
   Number of cells:                326
     sky130_fd_sc_hd__a21bo_2        1
     sky130_fd_sc_hd__a21boi_2       2
     sky130_fd_sc_hd__a21o_2         4
     sky130_fd_sc_hd__a21o_4         1
     sky130_fd_sc_hd__a21oi_2        4
     sky130_fd_sc_hd__a22o_2         3
     sky130_fd_sc_hd__a2bb2o_2      27
     sky130_fd_sc_hd__a2bb2o_4      27
     sky130_fd_sc_hd__a2bb2oi_2      4
     sky130_fd_sc_hd__a31o_2         7
     sky130_fd_sc_hd__a31o_4         1
     sky130_fd_sc_hd__a31oi_4        1
     sky130_fd_sc_hd__a32o_2         9
     sky130_fd_sc_hd__and2_2         1
     sky130_fd_sc_hd__and4_2        12
     sky130_fd_sc_hd__buf_1         32
     sky130_fd_sc_hd__buf_2          1
     sky130_fd_sc_hd__buf_4          3
     sky130_fd_sc_hd__buf_6          4
     sky130_fd_sc_hd__inv_2         45
     sky130_fd_sc_hd__mux2_2         1
     sky130_fd_sc_hd__nand2_2        1
     sky130_fd_sc_hd__nand2b_2       1
     sky130_fd_sc_hd__nor2_2        13
     sky130_fd_sc_hd__nor2b_2        1
     sky130_fd_sc_hd__nor3_4         1
     sky130_fd_sc_hd__o21ai_2        4
     sky130_fd_sc_hd__o21ai_4        1
     sky130_fd_sc_hd__o21ba_2        7
     sky130_fd_sc_hd__o221ai_2       1
     sky130_fd_sc_hd__o22a_2        38
     sky130_fd_sc_hd__o22a_4         2
     sky130_fd_sc_hd__o2bb2a_2       2
     sky130_fd_sc_hd__o32a_2        10
     sky130_fd_sc_hd__or2_2         32
     sky130_fd_sc_hd__or2_4         14
     sky130_fd_sc_hd__or2b_2         2
     sky130_fd_sc_hd__or3_2          2
     sky130_fd_sc_hd__or4_2          3
     sky130_fd_sc_hd__or4_4          1

   Chip area for module '\dvsd_8216m9': 2955.334400

