OpenROAD 1 4d4d7205fd0292dbf3fae55fad9109b3f0bd5786
This program is licensed under the BSD-3 license. See the LICENSE file for details.
Components of this program may be licensed under more restrictive licenses which must be honored.
[INFO ODB-0222] Reading LEF file: /openLANE_flow/designs/dvsd_8216m9/runs/20-08_18-30/tmp/merged_unpadded.lef
[WARNING ODB-0220] WARNING (LEFPARS-2036): SOURCE statement is obsolete in version 5.6 and later.
The LEF parser will ignore this statement.
To avoid this warning in the future, remove this statement from the LEF file with version 5.6 or later. See file /openLANE_flow/designs/dvsd_8216m9/runs/20-08_18-30/tmp/merged_unpadded.lef at line 68238.

[INFO ODB-0223]     Created 13 technology layers
[INFO ODB-0224]     Created 25 technology vias
[INFO ODB-0225]     Created 441 library cells
[INFO ODB-0226] Finished LEF file:  /openLANE_flow/designs/dvsd_8216m9/runs/20-08_18-30/tmp/merged_unpadded.lef
[INFO ODB-0127] Reading DEF file: /openLANE_flow/designs/dvsd_8216m9/runs/20-08_18-30/tmp/routing/16-addspacers.def
[INFO ODB-0128] Design: dvsd_8216m9
[INFO ODB-0130]     Created 34 pins.
[INFO ODB-0131]     Created 1033 components and 5283 component-terminals.
[INFO ODB-0132]     Created 2 special nets and 3982 connections.
[INFO ODB-0133]     Created 374 nets and 1301 connections.
[INFO ODB-0134] Finished DEF file: /openLANE_flow/designs/dvsd_8216m9/runs/20-08_18-30/tmp/routing/16-addspacers.def
[INFO ORD-0030] Using 2 thread(s)
[WARNING DRT-0252] params file is deprecated. Use tcl arguments.
[INFO DRT-0149] Reading Tech And Libs

units:       1000
#layers:     13
#macros:     441
#vias:       25
#viarulegen: 25

[INFO DRT-0150] Reading Design

design:      dvsd_8216m9
die area:    ( 0 0 ) ( 87920 98640 )
trackPts:    12
defvias:     4
#components: 1033
#terminals:  34
#snets:      2
#nets:       374

[INFO DRT-0151] Reading Guide

#guides:     2431

[INFO DRT-0167] List of default vias:
  Layer mcon
    default via: L1M1_PR
  Layer via
    default via: M1M2_PR
  Layer via2
    default via: M2M3_PR_M
  Layer via3
    default via: M3M4_PR
  Layer via4
    default via: M4M5_PR_C
[INFO DRT-0162] libcell analysis ...
[INFO DRT-0163] instance analysis ...
[INFO DRT-0164] # unique instances = 102
[INFO DRT-0168] Init region query ...
[INFO DRT-0024]   complete FR_MASTERSLICE
[INFO DRT-0024]   complete FR_VIA
[INFO DRT-0024]   complete li1
[INFO DRT-0024]   complete mcon
[INFO DRT-0024]   complete met1
[INFO DRT-0024]   complete via
[INFO DRT-0024]   complete met2
[INFO DRT-0024]   complete via2
[INFO DRT-0024]   complete met3
[INFO DRT-0024]   complete via3
[INFO DRT-0024]   complete met4
[INFO DRT-0024]   complete via4
[INFO DRT-0024]   complete met5
[INFO DRT-0033] FR_MASTERSLICE shape region query size = 0
[INFO DRT-0033] FR_VIA shape region query size = 0
[INFO DRT-0033] li1 shape region query size = 11214
[INFO DRT-0033] mcon shape region query size = 9352
[INFO DRT-0033] met1 shape region query size = 2167
[INFO DRT-0033] via shape region query size = 288
[INFO DRT-0033] met2 shape region query size = 164
[INFO DRT-0033] via2 shape region query size = 288
[INFO DRT-0033] met3 shape region query size = 156
[INFO DRT-0033] via3 shape region query size = 288
[INFO DRT-0033] met4 shape region query size = 90
[INFO DRT-0033] via4 shape region query size = 13
[INFO DRT-0033] met5 shape region query size = 23
[INFO DRT-0165] start pin access
[INFO DRT-0076]   complete 100 pins
[INFO DRT-0076]   complete 200 pins
[INFO DRT-0076]   complete 300 pins
[INFO DRT-0078]   complete 324 pins
[INFO DRT-0081]   complete 96 unique inst patterns
[INFO DRT-0084]   complete 358 groups
#scanned instances     = 1033
#unique  instances     = 102
#stdCellGenAp          = 2329
#stdCellValidPlanarAp  = 0
#stdCellValidViaAp     = 1931
#stdCellPinNoAp        = 0
#stdCellPinCnt         = 1301
#instTermValidViaApCnt = 0
#macroGenAp            = 0
#macroValidPlanarAp    = 0
#macroValidViaAp       = 0
#macroNoAp             = 0
[INFO DRT-0166] complete pin access
[INFO DRT-0267] cpu time = 00:00:04, elapsed time = 00:00:02, memory = 79.50 (MB), peak = 79.50 (MB)
[INFO DRT-0169] Post process guides ...
[INFO DRT-0176] GCELLGRID X 0 DO 14 STEP 6900 ;
[INFO DRT-0177] GCELLGRID Y 0 DO 12 STEP 6900 ;
[INFO DRT-0028]   complete FR_MASTERSLICE
[INFO DRT-0028]   complete FR_VIA
[INFO DRT-0028]   complete li1
[INFO DRT-0028]   complete mcon
[INFO DRT-0028]   complete met1
[INFO DRT-0028]   complete via
[INFO DRT-0028]   complete met2
[INFO DRT-0028]   complete via2
[INFO DRT-0028]   complete met3
[INFO DRT-0028]   complete via3
[INFO DRT-0028]   complete met4
[INFO DRT-0028]   complete via4
[INFO DRT-0028]   complete met5
[WARNING DRT-0225] _253_ 3 pin not visited, fall back to feedrough mode
[WARNING DRT-0225] _258_ 3 pin not visited, fall back to feedrough mode
[WARNING DRT-0225] _275_ 1 pin not visited, fall back to feedrough mode
[INFO DRT-0178] init guide query ...
[INFO DRT-0035]   complete FR_MASTERSLICE (guide)
[INFO DRT-0035]   complete FR_VIA (guide)
[INFO DRT-0035]   complete li1 (guide)
[INFO DRT-0035]   complete mcon (guide)
[INFO DRT-0035]   complete met1 (guide)
[INFO DRT-0035]   complete via (guide)
[INFO DRT-0035]   complete met2 (guide)
[INFO DRT-0035]   complete via2 (guide)
[INFO DRT-0035]   complete met3 (guide)
[INFO DRT-0035]   complete via3 (guide)
[INFO DRT-0035]   complete met4 (guide)
[INFO DRT-0035]   complete via4 (guide)
[INFO DRT-0035]   complete met5 (guide)
[INFO DRT-0036] FR_MASTERSLICE guide region query size = 0
[INFO DRT-0036] FR_VIA guide region query size = 0
[INFO DRT-0036] li1 guide region query size = 970
[INFO DRT-0036] mcon guide region query size = 0
[INFO DRT-0036] met1 guide region query size = 736
[INFO DRT-0036] via guide region query size = 0
[INFO DRT-0036] met2 guide region query size = 362
[INFO DRT-0036] via2 guide region query size = 0
[INFO DRT-0036] met3 guide region query size = 15
[INFO DRT-0036] via3 guide region query size = 0
[INFO DRT-0036] met4 guide region query size = 0
[INFO DRT-0036] via4 guide region query size = 0
[INFO DRT-0036] met5 guide region query size = 0
[INFO DRT-0179] init gr pin query ...
[INFO DRT-0185] post process initialize RPin region query ...
[INFO DRT-0181] start track assignment
[INFO DRT-0184] Done with 1332 vertical wires in 1 frboxes and 751 horizontal wires in 1 frboxes.
[INFO DRT-0186] Done with 205 vertical wires in 1 frboxes and 254 horizontal wires in 1 frboxes.
[INFO DRT-0182] complete track assignment
[INFO DRT-0267] cpu time = 00:00:00, elapsed time = 00:00:00, memory = 83.71 (MB), peak = 83.71 (MB)
[INFO DRT-0187] start routing data preparation
[INFO DRT-0267] cpu time = 00:00:00, elapsed time = 00:00:00, memory = 83.71 (MB), peak = 83.71 (MB)
[INFO DRT-0194] start detail routing ...
[INFO DRT-0195] start 0th optimization iteration ...
    completing 10% with 0 violations
    elapsed time = 00:00:05, memory = 117.45 (MB)
    completing 20% with 48 violations
    elapsed time = 00:00:06, memory = 126.21 (MB)
    completing 30% with 54 violations
    elapsed time = 00:00:09, memory = 126.32 (MB)
    completing 40% with 98 violations
    elapsed time = 00:00:11, memory = 126.48 (MB)
[INFO DRT-0199]   number of violations = 137
[INFO DRT-0267] cpu time = 00:00:11, elapsed time = 00:00:17, memory = 447.45 (MB), peak = 447.45 (MB)
total wire length = 9212 um
total wire length on LAYER li1 = 52 um
total wire length on LAYER met1 = 4666 um
total wire length on LAYER met2 = 4206 um
total wire length on LAYER met3 = 287 um
total wire length on LAYER met4 = 0 um
total wire length on LAYER met5 = 0 um
total number of vias = 2627
up-via summary (total 2627):

-----------------------
 FR_MASTERSLICE       0
            li1    1318
           met1    1277
           met2      32
           met3       0
           met4       0
-----------------------
                   2627


[INFO DRT-0195] start 1st optimization iteration ...
    completing 10% with 137 violations
    elapsed time = 00:00:00, memory = 452.21 (MB)
    completing 20% with 137 violations
    elapsed time = 00:00:01, memory = 467.94 (MB)
    completing 30% with 161 violations
    elapsed time = 00:00:02, memory = 468.01 (MB)
    completing 40% with 162 violations
    elapsed time = 00:00:02, memory = 468.01 (MB)
    completing 50% with 162 violations
    elapsed time = 00:00:06, memory = 468.01 (MB)
    completing 60% with 145 violations
    elapsed time = 00:00:10, memory = 497.87 (MB)
[INFO DRT-0199]   number of violations = 103
[INFO DRT-0267] cpu time = 00:00:10, elapsed time = 00:00:10, memory = 465.83 (MB), peak = 512.61 (MB)
total wire length = 9151 um
total wire length on LAYER li1 = 54 um
total wire length on LAYER met1 = 4631 um
total wire length on LAYER met2 = 4127 um
total wire length on LAYER met3 = 337 um
total wire length on LAYER met4 = 0 um
total wire length on LAYER met5 = 0 um
total number of vias = 2606
up-via summary (total 2606):

-----------------------
 FR_MASTERSLICE       0
            li1    1319
           met1    1241
           met2      46
           met3       0
           met4       0
-----------------------
                   2606


[INFO DRT-0195] start 2nd optimization iteration ...
    completing 10% with 103 violations
    elapsed time = 00:00:00, memory = 465.83 (MB)
    completing 20% with 103 violations
    elapsed time = 00:00:00, memory = 465.83 (MB)
    completing 30% with 103 violations
    elapsed time = 00:00:00, memory = 465.83 (MB)
    completing 40% with 103 violations
    elapsed time = 00:00:00, memory = 465.83 (MB)
    completing 50% with 103 violations
    elapsed time = 00:00:00, memory = 465.83 (MB)
    completing 60% with 103 violations
    elapsed time = 00:00:01, memory = 465.83 (MB)
    completing 70% with 99 violations
    elapsed time = 00:00:01, memory = 465.83 (MB)
    completing 80% with 99 violations
    elapsed time = 00:00:02, memory = 477.43 (MB)
    completing 90% with 93 violations
    elapsed time = 00:00:13, memory = 506.54 (MB)
    completing 100% with 84 violations
    elapsed time = 00:00:13, memory = 465.83 (MB)
[INFO DRT-0199]   number of violations = 84
[INFO DRT-0267] cpu time = 00:00:13, elapsed time = 00:00:13, memory = 465.83 (MB), peak = 521.83 (MB)
total wire length = 9131 um
total wire length on LAYER li1 = 47 um
total wire length on LAYER met1 = 4605 um
total wire length on LAYER met2 = 4137 um
total wire length on LAYER met3 = 341 um
total wire length on LAYER met4 = 0 um
total wire length on LAYER met5 = 0 um
total number of vias = 2583
up-via summary (total 2583):

-----------------------
 FR_MASTERSLICE       0
            li1    1312
           met1    1230
           met2      41
           met3       0
           met4       0
-----------------------
                   2583


[INFO DRT-0195] start 3rd optimization iteration ...
    completing 10% with 84 violations
    elapsed time = 00:00:07, memory = 505.59 (MB)
    completing 20% with 35 violations
    elapsed time = 00:00:08, memory = 465.83 (MB)
    completing 30% with 30 violations
    elapsed time = 00:00:11, memory = 494.70 (MB)
    completing 40% with 3 violations
    elapsed time = 00:00:11, memory = 494.78 (MB)
[INFO DRT-0199]   number of violations = 0
[INFO DRT-0267] cpu time = 00:00:11, elapsed time = 00:00:11, memory = 494.92 (MB), peak = 537.50 (MB)
total wire length = 9130 um
total wire length on LAYER li1 = 47 um
total wire length on LAYER met1 = 4427 um
total wire length on LAYER met2 = 4135 um
total wire length on LAYER met3 = 501 um
total wire length on LAYER met4 = 17 um
total wire length on LAYER met5 = 0 um
total number of vias = 2633
up-via summary (total 2633):

-----------------------
 FR_MASTERSLICE       0
            li1    1312
           met1    1244
           met2      75
           met3       2
           met4       0
-----------------------
                   2633


[INFO DRT-0195] start 17th optimization iteration ...
    completing 10% with 0 violations
    elapsed time = 00:00:00, memory = 494.92 (MB)
    completing 20% with 0 violations
    elapsed time = 00:00:00, memory = 494.92 (MB)
    completing 30% with 0 violations
    elapsed time = 00:00:00, memory = 494.92 (MB)
    completing 40% with 0 violations
    elapsed time = 00:00:00, memory = 494.92 (MB)
    completing 50% with 0 violations
    elapsed time = 00:00:00, memory = 494.92 (MB)
    completing 60% with 0 violations
    elapsed time = 00:00:00, memory = 494.92 (MB)
    completing 70% with 0 violations
    elapsed time = 00:00:00, memory = 494.92 (MB)
    completing 80% with 0 violations
    elapsed time = 00:00:00, memory = 494.92 (MB)
    completing 90% with 0 violations
    elapsed time = 00:00:00, memory = 494.92 (MB)
    completing 100% with 0 violations
    elapsed time = 00:00:00, memory = 494.92 (MB)
[INFO DRT-0199]   number of violations = 0
[INFO DRT-0267] cpu time = 00:00:00, elapsed time = 00:00:00, memory = 494.92 (MB), peak = 537.50 (MB)
total wire length = 9130 um
total wire length on LAYER li1 = 47 um
total wire length on LAYER met1 = 4427 um
total wire length on LAYER met2 = 4135 um
total wire length on LAYER met3 = 501 um
total wire length on LAYER met4 = 17 um
total wire length on LAYER met5 = 0 um
total number of vias = 2633
up-via summary (total 2633):

-----------------------
 FR_MASTERSLICE       0
            li1    1312
           met1    1244
           met2      75
           met3       2
           met4       0
-----------------------
                   2633


[INFO DRT-0195] start 25th optimization iteration ...
    completing 10% with 0 violations
    elapsed time = 00:00:00, memory = 494.92 (MB)
    completing 20% with 0 violations
    elapsed time = 00:00:00, memory = 494.92 (MB)
    completing 30% with 0 violations
    elapsed time = 00:00:00, memory = 494.92 (MB)
    completing 40% with 0 violations
    elapsed time = 00:00:00, memory = 494.92 (MB)
    completing 50% with 0 violations
    elapsed time = 00:00:00, memory = 494.92 (MB)
    completing 60% with 0 violations
    elapsed time = 00:00:00, memory = 494.92 (MB)
    completing 70% with 0 violations
    elapsed time = 00:00:00, memory = 494.92 (MB)
    completing 80% with 0 violations
    elapsed time = 00:00:00, memory = 494.92 (MB)
    completing 90% with 0 violations
    elapsed time = 00:00:00, memory = 494.92 (MB)
    completing 100% with 0 violations
    elapsed time = 00:00:00, memory = 494.92 (MB)
[INFO DRT-0199]   number of violations = 0
[INFO DRT-0267] cpu time = 00:00:00, elapsed time = 00:00:00, memory = 494.92 (MB), peak = 537.50 (MB)
total wire length = 9130 um
total wire length on LAYER li1 = 47 um
total wire length on LAYER met1 = 4427 um
total wire length on LAYER met2 = 4135 um
total wire length on LAYER met3 = 501 um
total wire length on LAYER met4 = 17 um
total wire length on LAYER met5 = 0 um
total number of vias = 2633
up-via summary (total 2633):

-----------------------
 FR_MASTERSLICE       0
            li1    1312
           met1    1244
           met2      75
           met3       2
           met4       0
-----------------------
                   2633


[INFO DRT-0195] start 33rd optimization iteration ...
    completing 10% with 0 violations
    elapsed time = 00:00:00, memory = 494.92 (MB)
    completing 20% with 0 violations
    elapsed time = 00:00:00, memory = 494.92 (MB)
    completing 30% with 0 violations
    elapsed time = 00:00:00, memory = 494.92 (MB)
    completing 40% with 0 violations
    elapsed time = 00:00:00, memory = 494.92 (MB)
    completing 50% with 0 violations
    elapsed time = 00:00:00, memory = 494.92 (MB)
    completing 60% with 0 violations
    elapsed time = 00:00:00, memory = 494.92 (MB)
    completing 70% with 0 violations
    elapsed time = 00:00:00, memory = 494.92 (MB)
    completing 80% with 0 violations
    elapsed time = 00:00:00, memory = 494.92 (MB)
    completing 90% with 0 violations
    elapsed time = 00:00:00, memory = 494.92 (MB)
    completing 100% with 0 violations
    elapsed time = 00:00:00, memory = 494.92 (MB)
[INFO DRT-0199]   number of violations = 0
[INFO DRT-0267] cpu time = 00:00:00, elapsed time = 00:00:00, memory = 494.92 (MB), peak = 537.50 (MB)
total wire length = 9130 um
total wire length on LAYER li1 = 47 um
total wire length on LAYER met1 = 4427 um
total wire length on LAYER met2 = 4135 um
total wire length on LAYER met3 = 501 um
total wire length on LAYER met4 = 17 um
total wire length on LAYER met5 = 0 um
total number of vias = 2633
up-via summary (total 2633):

-----------------------
 FR_MASTERSLICE       0
            li1    1312
           met1    1244
           met2      75
           met3       2
           met4       0
-----------------------
                   2633


[INFO DRT-0195] start 41st optimization iteration ...
    completing 10% with 0 violations
    elapsed time = 00:00:00, memory = 494.92 (MB)
    completing 20% with 0 violations
    elapsed time = 00:00:00, memory = 494.92 (MB)
    completing 30% with 0 violations
    elapsed time = 00:00:00, memory = 494.92 (MB)
    completing 40% with 0 violations
    elapsed time = 00:00:00, memory = 494.92 (MB)
    completing 50% with 0 violations
    elapsed time = 00:00:00, memory = 494.92 (MB)
    completing 60% with 0 violations
    elapsed time = 00:00:00, memory = 494.92 (MB)
    completing 70% with 0 violations
    elapsed time = 00:00:00, memory = 494.92 (MB)
    completing 80% with 0 violations
    elapsed time = 00:00:00, memory = 494.92 (MB)
    completing 90% with 0 violations
    elapsed time = 00:00:00, memory = 494.92 (MB)
    completing 100% with 0 violations
    elapsed time = 00:00:00, memory = 494.92 (MB)
[INFO DRT-0199]   number of violations = 0
[INFO DRT-0267] cpu time = 00:00:00, elapsed time = 00:00:00, memory = 494.92 (MB), peak = 537.50 (MB)
total wire length = 9130 um
total wire length on LAYER li1 = 47 um
total wire length on LAYER met1 = 4427 um
total wire length on LAYER met2 = 4135 um
total wire length on LAYER met3 = 501 um
total wire length on LAYER met4 = 17 um
total wire length on LAYER met5 = 0 um
total number of vias = 2633
up-via summary (total 2633):

-----------------------
 FR_MASTERSLICE       0
            li1    1312
           met1    1244
           met2      75
           met3       2
           met4       0
-----------------------
                   2633


[INFO DRT-0195] start 49th optimization iteration ...
    completing 10% with 0 violations
    elapsed time = 00:00:00, memory = 494.92 (MB)
    completing 20% with 0 violations
    elapsed time = 00:00:00, memory = 494.92 (MB)
    completing 30% with 0 violations
    elapsed time = 00:00:00, memory = 494.92 (MB)
    completing 40% with 0 violations
    elapsed time = 00:00:00, memory = 494.92 (MB)
    completing 50% with 0 violations
    elapsed time = 00:00:00, memory = 494.92 (MB)
    completing 60% with 0 violations
    elapsed time = 00:00:00, memory = 494.92 (MB)
    completing 70% with 0 violations
    elapsed time = 00:00:00, memory = 494.92 (MB)
    completing 80% with 0 violations
    elapsed time = 00:00:00, memory = 494.92 (MB)
    completing 90% with 0 violations
    elapsed time = 00:00:00, memory = 494.92 (MB)
    completing 100% with 0 violations
    elapsed time = 00:00:00, memory = 494.92 (MB)
[INFO DRT-0199]   number of violations = 0
[INFO DRT-0267] cpu time = 00:00:00, elapsed time = 00:00:00, memory = 494.92 (MB), peak = 537.50 (MB)
total wire length = 9130 um
total wire length on LAYER li1 = 47 um
total wire length on LAYER met1 = 4427 um
total wire length on LAYER met2 = 4135 um
total wire length on LAYER met3 = 501 um
total wire length on LAYER met4 = 17 um
total wire length on LAYER met5 = 0 um
total number of vias = 2633
up-via summary (total 2633):

-----------------------
 FR_MASTERSLICE       0
            li1    1312
           met1    1244
           met2      75
           met3       2
           met4       0
-----------------------
                   2633


[INFO DRT-0195] start 57th optimization iteration ...
    completing 10% with 0 violations
    elapsed time = 00:00:00, memory = 494.92 (MB)
    completing 20% with 0 violations
    elapsed time = 00:00:00, memory = 494.92 (MB)
    completing 30% with 0 violations
    elapsed time = 00:00:00, memory = 494.92 (MB)
    completing 40% with 0 violations
    elapsed time = 00:00:00, memory = 494.92 (MB)
    completing 50% with 0 violations
    elapsed time = 00:00:00, memory = 494.92 (MB)
    completing 60% with 0 violations
    elapsed time = 00:00:00, memory = 494.92 (MB)
    completing 70% with 0 violations
    elapsed time = 00:00:00, memory = 494.92 (MB)
    completing 80% with 0 violations
    elapsed time = 00:00:00, memory = 494.92 (MB)
    completing 90% with 0 violations
    elapsed time = 00:00:00, memory = 494.92 (MB)
    completing 100% with 0 violations
    elapsed time = 00:00:00, memory = 494.92 (MB)
[INFO DRT-0199]   number of violations = 0
[INFO DRT-0267] cpu time = 00:00:00, elapsed time = 00:00:00, memory = 494.92 (MB), peak = 537.50 (MB)
total wire length = 9130 um
total wire length on LAYER li1 = 47 um
total wire length on LAYER met1 = 4427 um
total wire length on LAYER met2 = 4135 um
total wire length on LAYER met3 = 501 um
total wire length on LAYER met4 = 17 um
total wire length on LAYER met5 = 0 um
total number of vias = 2633
up-via summary (total 2633):

-----------------------
 FR_MASTERSLICE       0
            li1    1312
           met1    1244
           met2      75
           met3       2
           met4       0
-----------------------
                   2633


[INFO DRT-0198] complete detail routing
total wire length = 9130 um
total wire length on LAYER li1 = 47 um
total wire length on LAYER met1 = 4427 um
total wire length on LAYER met2 = 4135 um
total wire length on LAYER met3 = 501 um
total wire length on LAYER met4 = 17 um
total wire length on LAYER met5 = 0 um
total number of vias = 2633
up-via summary (total 2633):

-----------------------
 FR_MASTERSLICE       0
            li1    1312
           met1    1244
           met2      75
           met3       2
           met4       0
-----------------------
                   2633


[INFO DRT-0267] cpu time = 00:00:47, elapsed time = 00:00:53, memory = 494.92 (MB), peak = 537.50 (MB)

[INFO DRT-0180] post processing ...
Saving to /openLANE_flow/designs/dvsd_8216m9/runs/20-08_18-30/results/routing/17-dvsd_8216m9.def
