Using Techfile: /home/drako/applications/vsdflow/work/tools/openlane_working_dir/openlane/pdks/sky130A/libs.tech/klayout/sky130A.lyt
Using DEF file: /openLANE_flow/designs/dvsd_8216m9/runs/20-08_18-30/results/routing/17-dvsd_8216m9.def
Design Name: dvsd_8216m9
Output GDS will be: /openLANE_flow/designs/dvsd_8216m9/runs/20-08_18-30/results/klayout/dvsd_8216m9.gds
Extra GDSes:
/home/drako/applications/vsdflow/work/tools/openlane_working_dir/openlane/pdks/sky130A/libs.ref/sky130_fd_sc_hd/gds/sky130_ef_sc_hd__fill_12.gds /home/drako/applications/vsdflow/work/tools/openlane_working_dir/openlane/pdks/sky130A/libs.ref/sky130_fd_sc_hd/gds/sky130_fd_sc_hd.gds /home/drako/applications/vsdflow/work/tools/openlane_working_dir/openlane/pdks/sky130A/libs.ref/sky130_fd_sc_hd/gds/sky130_ef_sc_hd__fakediode_2.gds /home/drako/applications/vsdflow/work/tools/openlane_working_dir/openlane/pdks/sky130A/libs.ref/sky130_fd_sc_hd/gds/sky130_ef_sc_hd__decap_12.gds /home/drako/applications/vsdflow/work/tools/openlane_working_dir/openlane/pdks/sky130A/libs.ref/sky130_fd_sc_hd/gds/sky130_ef_sc_hd__fill_8.gds /home/drako/applications/vsdflow/work/tools/openlane_working_dir/openlane/pdks/sky130A/libs.ref/sky130_fd_sc_hd/gds/sky130_ef_sc_hd__fill_4.gds
[INFO] Clearing cells...
[INFO] Merging GDS files...
	/home/drako/applications/vsdflow/work/tools/openlane_working_dir/openlane/pdks/sky130A/libs.ref/sky130_fd_sc_hd/gds/sky130_ef_sc_hd__fill_12.gds
	/home/drako/applications/vsdflow/work/tools/openlane_working_dir/openlane/pdks/sky130A/libs.ref/sky130_fd_sc_hd/gds/sky130_fd_sc_hd.gds
	/home/drako/applications/vsdflow/work/tools/openlane_working_dir/openlane/pdks/sky130A/libs.ref/sky130_fd_sc_hd/gds/sky130_ef_sc_hd__fakediode_2.gds
	/home/drako/applications/vsdflow/work/tools/openlane_working_dir/openlane/pdks/sky130A/libs.ref/sky130_fd_sc_hd/gds/sky130_ef_sc_hd__decap_12.gds
	/home/drako/applications/vsdflow/work/tools/openlane_working_dir/openlane/pdks/sky130A/libs.ref/sky130_fd_sc_hd/gds/sky130_ef_sc_hd__fill_8.gds
	/home/drako/applications/vsdflow/work/tools/openlane_working_dir/openlane/pdks/sky130A/libs.ref/sky130_fd_sc_hd/gds/sky130_ef_sc_hd__fill_4.gds
[INFO] Copying toplevel cell 'dvsd_8216m9'
WARNING: no fill config file specified
[INFO] Checking for missing GDS...
[INFO] All LEF cells have matching GDS cells
[INFO] Writing out GDS '/openLANE_flow/designs/dvsd_8216m9/runs/20-08_18-30/results/klayout/dvsd_8216m9.gds'
Done
