First Layout: /openLANE_flow/designs/dvsd_8216m9/runs/20-08_18-30/results/magic/dvsd_8216m9.gds
Second Layout: /openLANE_flow/designs/dvsd_8216m9/runs/20-08_18-30/results/klayout/dvsd_8216m9.gds
Design Name: dvsd_8216m9
Output GDS will be: /openLANE_flow/designs/dvsd_8216m9/runs/20-08_18-30/results/klayout/dvsd_8216m9.xor.gds
Reading /openLANE_flow/designs/dvsd_8216m9/runs/20-08_18-30/results/magic/dvsd_8216m9.gds ..
Reading /openLANE_flow/designs/dvsd_8216m9/runs/20-08_18-30/results/klayout/dvsd_8216m9.gds ..
--- Running XOR for 10/0 ---
"input" in: xor.drc:38
    Polygons (raw): 0 (flat)  0 (hierarchical)
    Elapsed: 0.010s  Memory: 529.00M
"input" in: xor.drc:38
    Polygons (raw): 290 (flat)  5 (hierarchical)
    Elapsed: 0.010s  Memory: 529.00M
"^" in: xor.drc:38
    Polygons (raw): 290 (flat)  5 (hierarchical)
    Elapsed: 0.010s  Memory: 529.00M
XOR differences: 290
"output" in: xor.drc:41
    Polygons (raw): 290 (flat)  5 (hierarchical)
    Elapsed: 0.020s  Memory: 529.00M
--- Running XOR for 11/0 ---
"input" in: xor.drc:38
    Polygons (raw): 0 (flat)  0 (hierarchical)
    Elapsed: 0.010s  Memory: 529.00M
"input" in: xor.drc:38
    Polygons (raw): 93 (flat)  9 (hierarchical)
    Elapsed: 0.020s  Memory: 529.00M
"^" in: xor.drc:38
    Polygons (raw): 93 (flat)  9 (hierarchical)
    Elapsed: 0.010s  Memory: 529.00M
XOR differences: 93
"output" in: xor.drc:41
    Polygons (raw): 93 (flat)  9 (hierarchical)
    Elapsed: 0.020s  Memory: 529.00M
--- Running XOR for 12/0 ---
"input" in: xor.drc:38
    Polygons (raw): 0 (flat)  0 (hierarchical)
    Elapsed: 0.010s  Memory: 529.00M
"input" in: xor.drc:38
    Polygons (raw): 13 (flat)  1 (hierarchical)
    Elapsed: 0.020s  Memory: 529.00M
"^" in: xor.drc:38
    Polygons (raw): 13 (flat)  1 (hierarchical)
    Elapsed: 0.010s  Memory: 529.00M
XOR differences: 13
"output" in: xor.drc:41
    Polygons (raw): 13 (flat)  1 (hierarchical)
    Elapsed: 0.020s  Memory: 529.00M
--- Running XOR for 122/16 ---
"input" in: xor.drc:38
    Polygons (raw): 958 (flat)  42 (hierarchical)
    Elapsed: 0.010s  Memory: 529.00M
"input" in: xor.drc:38
    Polygons (raw): 958 (flat)  42 (hierarchical)
    Elapsed: 0.020s  Memory: 529.00M
"^" in: xor.drc:38
    Polygons (raw): 1462 (flat)  1462 (hierarchical)
    Elapsed: 0.040s  Memory: 529.00M
XOR differences: 1462
"output" in: xor.drc:41
    Polygons (raw): 1462 (flat)  1462 (hierarchical)
    Elapsed: 0.010s  Memory: 529.00M
--- Running XOR for 13/0 ---
"input" in: xor.drc:38
    Polygons (raw): 0 (flat)  0 (hierarchical)
    Elapsed: 0.020s  Memory: 529.00M
"input" in: xor.drc:38
    Polygons (raw): 18 (flat)  6 (hierarchical)
    Elapsed: 0.010s  Memory: 529.00M
"^" in: xor.drc:38
    Polygons (raw): 18 (flat)  6 (hierarchical)
    Elapsed: 0.020s  Memory: 529.00M
XOR differences: 18
"output" in: xor.drc:41
    Polygons (raw): 18 (flat)  6 (hierarchical)
    Elapsed: 0.010s  Memory: 529.00M
--- Running XOR for 13/2 ---
"input" in: xor.drc:38
    Polygons (raw): 0 (flat)  0 (hierarchical)
    Elapsed: 0.020s  Memory: 529.00M
"input" in: xor.drc:38
    Polygons (raw): 5 (flat)  5 (hierarchical)
    Elapsed: 0.010s  Memory: 529.00M
"^" in: xor.drc:38
    Polygons (raw): 5 (flat)  5 (hierarchical)
    Elapsed: 0.020s  Memory: 529.00M
XOR differences: 5
"output" in: xor.drc:41
    Polygons (raw): 5 (flat)  5 (hierarchical)
    Elapsed: 0.010s  Memory: 529.00M
--- Running XOR for 14/0 ---
"input" in: xor.drc:38
    Polygons (raw): 0 (flat)  0 (hierarchical)
    Elapsed: 0.010s  Memory: 529.00M
"input" in: xor.drc:38
    Polygons (raw): 1 (flat)  1 (hierarchical)
    Elapsed: 0.010s  Memory: 529.00M
"^" in: xor.drc:38
    Polygons (raw): 1 (flat)  1 (hierarchical)
    Elapsed: 0.020s  Memory: 529.00M
XOR differences: 1
"output" in: xor.drc:41
    Polygons (raw): 1 (flat)  1 (hierarchical)
    Elapsed: 0.020s  Memory: 529.00M
--- Running XOR for 235/4 ---
"input" in: xor.drc:38
    Polygons (raw): 1 (flat)  1 (hierarchical)
    Elapsed: 0.010s  Memory: 529.00M
"input" in: xor.drc:38
    Polygons (raw): 0 (flat)  0 (hierarchical)
    Elapsed: 0.010s  Memory: 529.00M
"^" in: xor.drc:38
    Polygons (raw): 1 (flat)  1 (hierarchical)
    Elapsed: 0.010s  Memory: 529.00M
XOR differences: 1
"output" in: xor.drc:41
    Polygons (raw): 1 (flat)  1 (hierarchical)
    Elapsed: 0.010s  Memory: 529.00M
--- Running XOR for 236/0 ---
"input" in: xor.drc:38
    Polygons (raw): 828 (flat)  40 (hierarchical)
    Elapsed: 0.010s  Memory: 529.00M
"input" in: xor.drc:38
    Polygons (raw): 828 (flat)  40 (hierarchical)
    Elapsed: 0.020s  Memory: 529.00M
"^" in: xor.drc:38
    Polygons (raw): 1 (flat)  1 (hierarchical)
    Elapsed: 0.050s  Memory: 530.00M
XOR differences: 1
"output" in: xor.drc:41
    Polygons (raw): 1 (flat)  1 (hierarchical)
    Elapsed: 0.010s  Memory: 530.00M
--- Running XOR for 3/0 ---
"input" in: xor.drc:38
    Polygons (raw): 0 (flat)  0 (hierarchical)
    Elapsed: 0.010s  Memory: 530.00M
"input" in: xor.drc:38
    Polygons (raw): 1318 (flat)  7 (hierarchical)
    Elapsed: 0.010s  Memory: 530.00M
"^" in: xor.drc:38
    Polygons (raw): 1318 (flat)  7 (hierarchical)
    Elapsed: 0.020s  Memory: 530.00M
XOR differences: 1318
"output" in: xor.drc:41
    Polygons (raw): 1318 (flat)  7 (hierarchical)
    Elapsed: 0.020s  Memory: 530.00M
--- Running XOR for 4/0 ---
"input" in: xor.drc:38
    Polygons (raw): 0 (flat)  0 (hierarchical)
    Elapsed: 0.010s  Memory: 530.00M
"input" in: xor.drc:38
    Polygons (raw): 1312 (flat)  1 (hierarchical)
    Elapsed: 0.020s  Memory: 530.00M
"^" in: xor.drc:38
    Polygons (raw): 1312 (flat)  1 (hierarchical)
    Elapsed: 0.010s  Memory: 530.00M
XOR differences: 1312
"output" in: xor.drc:41
    Polygons (raw): 1312 (flat)  1 (hierarchical)
    Elapsed: 0.020s  Memory: 530.00M
--- Running XOR for 5/0 ---
"input" in: xor.drc:38
    Polygons (raw): 0 (flat)  0 (hierarchical)
    Elapsed: 0.020s  Memory: 530.00M
"input" in: xor.drc:38
    Polygons (raw): 4701 (flat)  2076 (hierarchical)
    Elapsed: 0.010s  Memory: 530.00M
"^" in: xor.drc:38
    Polygons (raw): 4701 (flat)  2076 (hierarchical)
    Elapsed: 0.020s  Memory: 530.00M
XOR differences: 4701
"output" in: xor.drc:41
    Polygons (raw): 4701 (flat)  2076 (hierarchical)
    Elapsed: 0.020s  Memory: 530.00M
--- Running XOR for 6/0 ---
"input" in: xor.drc:38
    Polygons (raw): 0 (flat)  0 (hierarchical)
    Elapsed: 0.010s  Memory: 530.00M
"input" in: xor.drc:38
    Polygons (raw): 1532 (flat)  5 (hierarchical)
    Elapsed: 0.020s  Memory: 530.00M
"^" in: xor.drc:38
    Polygons (raw): 1532 (flat)  5 (hierarchical)
    Elapsed: 0.010s  Memory: 530.00M
XOR differences: 1532
"output" in: xor.drc:41
    Polygons (raw): 1532 (flat)  5 (hierarchical)
    Elapsed: 0.020s  Memory: 530.00M
--- Running XOR for 64/16 ---
"input" in: xor.drc:38
    Polygons (raw): 958 (flat)  42 (hierarchical)
    Elapsed: 0.020s  Memory: 530.00M
"input" in: xor.drc:38
    Polygons (raw): 958 (flat)  42 (hierarchical)
    Elapsed: 0.010s  Memory: 530.00M
"^" in: xor.drc:38
    Polygons (raw): 1489 (flat)  1489 (hierarchical)
    Elapsed: 0.040s  Memory: 530.00M
XOR differences: 1489
"output" in: xor.drc:41
    Polygons (raw): 1489 (flat)  1489 (hierarchical)
    Elapsed: 0.020s  Memory: 530.00M
--- Running XOR for 64/20 ---
"input" in: xor.drc:38
    Polygons (raw): 1033 (flat)  43 (hierarchical)
    Elapsed: 0.010s  Memory: 530.00M
"input" in: xor.drc:38
    Polygons (raw): 1033 (flat)  43 (hierarchical)
    Elapsed: 0.020s  Memory: 530.00M
"^" in: xor.drc:38
    Polygons (raw): 13 (flat)  13 (hierarchical)
    Elapsed: 0.050s  Memory: 531.00M
XOR differences: 13
"output" in: xor.drc:41
    Polygons (raw): 13 (flat)  13 (hierarchical)
    Elapsed: 0.020s  Memory: 531.00M
--- Running XOR for 64/5 ---
"input" in: xor.drc:38
    Polygons (raw): 0 (flat)  0 (hierarchical)
    Elapsed: 0.010s  Memory: 531.00M
"input" in: xor.drc:38
    Polygons (raw): 0 (flat)  0 (hierarchical)
    Elapsed: 0.020s  Memory: 531.00M
"^" in: xor.drc:38
    Polygons (raw): 0 (flat)  0 (hierarchical)
    Elapsed: 0.020s  Memory: 531.00M
XOR differences: 0
"output" in: xor.drc:41
    Polygons (raw): 0 (flat)  0 (hierarchical)
    Elapsed: 0.020s  Memory: 531.00M
--- Running XOR for 64/59 ---
"input" in: xor.drc:38
    Polygons (raw): 0 (flat)  0 (hierarchical)
    Elapsed: 0.010s  Memory: 531.00M
"input" in: xor.drc:38
    Polygons (raw): 0 (flat)  0 (hierarchical)
    Elapsed: 0.020s  Memory: 531.00M
"^" in: xor.drc:38
    Polygons (raw): 0 (flat)  0 (hierarchical)
    Elapsed: 0.020s  Memory: 531.00M
XOR differences: 0
"output" in: xor.drc:41
    Polygons (raw): 0 (flat)  0 (hierarchical)
    Elapsed: 0.020s  Memory: 531.00M
--- Running XOR for 65/20 ---
"input" in: xor.drc:38
    Polygons (raw): 1845 (flat)  99 (hierarchical)
    Elapsed: 0.020s  Memory: 531.00M
"input" in: xor.drc:38
    Polygons (raw): 1845 (flat)  99 (hierarchical)
    Elapsed: 0.010s  Memory: 531.00M
"^" in: xor.drc:38
    Polygons (raw): 1813 (flat)  1813 (hierarchical)
    Elapsed: 0.090s  Memory: 532.00M
XOR differences: 1813
"output" in: xor.drc:41
    Polygons (raw): 1813 (flat)  1813 (hierarchical)
    Elapsed: 0.010s  Memory: 532.00M
--- Running XOR for 65/44 ---
"input" in: xor.drc:38
    Polygons (raw): 150 (flat)  2 (hierarchical)
    Elapsed: 0.020s  Memory: 532.00M
"input" in: xor.drc:38
    Polygons (raw): 150 (flat)  2 (hierarchical)
    Elapsed: 0.010s  Memory: 532.00M
"^" in: xor.drc:38
    Polygons (raw): 300 (flat)  300 (hierarchical)
    Elapsed: 0.020s  Memory: 532.00M
XOR differences: 300
"output" in: xor.drc:41
    Polygons (raw): 300 (flat)  300 (hierarchical)
    Elapsed: 0.020s  Memory: 532.00M
--- Running XOR for 66/20 ---
"input" in: xor.drc:38
    Polygons (raw): 2311 (flat)  155 (hierarchical)
    Elapsed: 0.010s  Memory: 532.00M
"input" in: xor.drc:38
    Polygons (raw): 2311 (flat)  155 (hierarchical)
    Elapsed: 0.020s  Memory: 532.00M
"^" in: xor.drc:38
    Polygons (raw): 2277 (flat)  2277 (hierarchical)
    Elapsed: 0.230s  Memory: 534.00M
XOR differences: 2277
"output" in: xor.drc:41
    Polygons (raw): 2277 (flat)  2277 (hierarchical)
    Elapsed: 0.020s  Memory: 534.00M
--- Running XOR for 66/44 ---
"input" in: xor.drc:38
    Polygons (raw): 11245 (flat)  770 (hierarchical)
    Elapsed: 0.020s  Memory: 534.00M
"input" in: xor.drc:38
    Polygons (raw): 11245 (flat)  770 (hierarchical)
    Elapsed: 0.010s  Memory: 534.00M
"^" in: xor.drc:38
    Polygons (raw): 11827 (flat)  11827 (hierarchical)
    Elapsed: 0.280s  Memory: 539.00M
XOR differences: 11827
"output" in: xor.drc:41
    Polygons (raw): 11827 (flat)  11827 (hierarchical)
    Elapsed: 0.020s  Memory: 539.00M
--- Running XOR for 67/16 ---
"input" in: xor.drc:38
    Polygons (raw): 2691 (flat)  287 (hierarchical)
    Elapsed: 0.010s  Memory: 539.00M
"input" in: xor.drc:38
    Polygons (raw): 2691 (flat)  287 (hierarchical)
    Elapsed: 0.020s  Memory: 539.00M
"^" in: xor.drc:38
    Polygons (raw): 4357 (flat)  4357 (hierarchical)
    Elapsed: 0.060s  Memory: 539.00M
XOR differences: 4357
"output" in: xor.drc:41
    Polygons (raw): 4357 (flat)  4357 (hierarchical)
    Elapsed: 0.010s  Memory: 539.00M
--- Running XOR for 67/20 ---
"input" in: xor.drc:38
    Polygons (raw): 5395 (flat)  1589 (hierarchical)
    Elapsed: 0.020s  Memory: 539.00M
"input" in: xor.drc:38
    Polygons (raw): 4089 (flat)  283 (hierarchical)
    Elapsed: 0.010s  Memory: 539.00M
"^" in: xor.drc:38
    Polygons (raw): 1886 (flat)  1886 (hierarchical)
    Elapsed: 0.540s  Memory: 550.00M
XOR differences: 1886
"output" in: xor.drc:41
    Polygons (raw): 1886 (flat)  1886 (hierarchical)
    Elapsed: 0.020s  Memory: 550.00M
--- Running XOR for 67/44 ---
"input" in: xor.drc:38
    Polygons (raw): 10664 (flat)  1826 (hierarchical)
    Elapsed: 0.020s  Memory: 550.00M
"input" in: xor.drc:38
    Polygons (raw): 9352 (flat)  514 (hierarchical)
    Elapsed: 0.010s  Memory: 550.00M
"^" in: xor.drc:38
    Polygons (raw): 7266 (flat)  7266 (hierarchical)
    Elapsed: 0.140s  Memory: 550.00M
XOR differences: 7266
"output" in: xor.drc:41
    Polygons (raw): 7266 (flat)  7266 (hierarchical)
    Elapsed: 0.020s  Memory: 550.00M
--- Running XOR for 67/5 ---
"input" in: xor.drc:38
    Polygons (raw): 0 (flat)  0 (hierarchical)
    Elapsed: 0.020s  Memory: 550.00M
"input" in: xor.drc:38
    Polygons (raw): 0 (flat)  0 (hierarchical)
    Elapsed: 0.020s  Memory: 550.00M
"^" in: xor.drc:38
    Polygons (raw): 0 (flat)  0 (hierarchical)
    Elapsed: 0.020s  Memory: 550.00M
XOR differences: 0
"output" in: xor.drc:41
    Polygons (raw): 0 (flat)  0 (hierarchical)
    Elapsed: 0.010s  Memory: 550.00M
--- Running XOR for 68/16 ---
"input" in: xor.drc:38
    Polygons (raw): 2110 (flat)  88 (hierarchical)
    Elapsed: 0.020s  Memory: 550.00M
"input" in: xor.drc:38
    Polygons (raw): 2110 (flat)  88 (hierarchical)
    Elapsed: 0.020s  Memory: 550.00M
"^" in: xor.drc:38
    Polygons (raw): 2963 (flat)  2963 (hierarchical)
    Elapsed: 0.060s  Memory: 550.00M
XOR differences: 2963
"output" in: xor.drc:41
    Polygons (raw): 2963 (flat)  2963 (hierarchical)
    Elapsed: 0.010s  Memory: 550.00M
--- Running XOR for 68/20 ---
"input" in: xor.drc:38
    Polygons (raw): 7997 (flat)  6017 (hierarchical)
    Elapsed: 0.020s  Memory: 550.00M
"input" in: xor.drc:38
    Polygons (raw): 2066 (flat)  86 (hierarchical)
    Elapsed: 0.010s  Memory: 550.00M
"^" in: xor.drc:38
    Polygons (raw): 1126 (flat)  1126 (hierarchical)
    Elapsed: 0.100s  Memory: 550.00M
XOR differences: 1126
"output" in: xor.drc:41
    Polygons (raw): 1126 (flat)  1126 (hierarchical)
    Elapsed: 0.020s  Memory: 550.00M
--- Running XOR for 68/44 ---
"input" in: xor.drc:38
    Polygons (raw): 1532 (flat)  1532 (hierarchical)
    Elapsed: 0.010s  Memory: 550.00M
"input" in: xor.drc:38
    Polygons (raw): 0 (flat)  0 (hierarchical)
    Elapsed: 0.010s  Memory: 550.00M
"^" in: xor.drc:38
    Polygons (raw): 1532 (flat)  1532 (hierarchical)
    Elapsed: 0.010s  Memory: 550.00M
XOR differences: 1532
"output" in: xor.drc:41
    Polygons (raw): 1532 (flat)  1532 (hierarchical)
    Elapsed: 0.020s  Memory: 550.00M
--- Running XOR for 68/5 ---
"input" in: xor.drc:38
    Polygons (raw): 0 (flat)  0 (hierarchical)
    Elapsed: 0.020s  Memory: 550.00M
"input" in: xor.drc:38
    Polygons (raw): 0 (flat)  0 (hierarchical)
    Elapsed: 0.010s  Memory: 550.00M
"^" in: xor.drc:38
    Polygons (raw): 0 (flat)  0 (hierarchical)
    Elapsed: 0.020s  Memory: 550.00M
XOR differences: 0
"output" in: xor.drc:41
    Polygons (raw): 0 (flat)  0 (hierarchical)
    Elapsed: 0.010s  Memory: 550.00M
--- Running XOR for 69/16 ---
"input" in: xor.drc:38
    Polygons (raw): 20 (flat)  20 (hierarchical)
    Elapsed: 0.020s  Memory: 550.00M
"input" in: xor.drc:38
    Polygons (raw): 0 (flat)  0 (hierarchical)
    Elapsed: 0.020s  Memory: 550.00M
"^" in: xor.drc:38
    Polygons (raw): 20 (flat)  20 (hierarchical)
    Elapsed: 0.010s  Memory: 550.00M
XOR differences: 20
"output" in: xor.drc:41
    Polygons (raw): 20 (flat)  20 (hierarchical)
    Elapsed: 0.020s  Memory: 550.00M
--- Running XOR for 69/20 ---
"input" in: xor.drc:38
    Polygons (raw): 2396 (flat)  2396 (hierarchical)
    Elapsed: 0.010s  Memory: 550.00M
"input" in: xor.drc:38
    Polygons (raw): 0 (flat)  0 (hierarchical)
    Elapsed: 0.020s  Memory: 550.00M
"^" in: xor.drc:38
    Polygons (raw): 2396 (flat)  2396 (hierarchical)
    Elapsed: 0.010s  Memory: 550.00M
XOR differences: 2396
"output" in: xor.drc:41
    Polygons (raw): 2396 (flat)  2396 (hierarchical)
    Elapsed: 0.020s  Memory: 550.00M
--- Running XOR for 69/44 ---
"input" in: xor.drc:38
    Polygons (raw): 363 (flat)  363 (hierarchical)
    Elapsed: 0.010s  Memory: 550.00M
"input" in: xor.drc:38
    Polygons (raw): 0 (flat)  0 (hierarchical)
    Elapsed: 0.020s  Memory: 550.00M
"^" in: xor.drc:38
    Polygons (raw): 363 (flat)  363 (hierarchical)
    Elapsed: 0.010s  Memory: 550.00M
XOR differences: 363
"output" in: xor.drc:41
    Polygons (raw): 363 (flat)  363 (hierarchical)
    Elapsed: 0.020s  Memory: 550.00M
--- Running XOR for 69/5 ---
"input" in: xor.drc:38
    Polygons (raw): 0 (flat)  0 (hierarchical)
    Elapsed: 0.010s  Memory: 550.00M
"input" in: xor.drc:38
    Polygons (raw): 0 (flat)  0 (hierarchical)
    Elapsed: 0.010s  Memory: 550.00M
"^" in: xor.drc:38
    Polygons (raw): 0 (flat)  0 (hierarchical)
    Elapsed: 0.020s  Memory: 550.00M
XOR differences: 0
"output" in: xor.drc:41
    Polygons (raw): 0 (flat)  0 (hierarchical)
    Elapsed: 0.010s  Memory: 550.00M
--- Running XOR for 7/0 ---
"input" in: xor.drc:38
    Polygons (raw): 0 (flat)  0 (hierarchical)
    Elapsed: 0.020s  Memory: 550.00M
"input" in: xor.drc:38
    Polygons (raw): 2441 (flat)  982 (hierarchical)
    Elapsed: 0.010s  Memory: 550.00M
"^" in: xor.drc:38
    Polygons (raw): 2441 (flat)  982 (hierarchical)
    Elapsed: 0.020s  Memory: 550.00M
XOR differences: 2441
"output" in: xor.drc:41
    Polygons (raw): 2441 (flat)  982 (hierarchical)
    Elapsed: 0.020s  Memory: 550.00M
--- Running XOR for 7/2 ---
"input" in: xor.drc:38
    Polygons (raw): 0 (flat)  0 (hierarchical)
    Elapsed: 0.010s  Memory: 550.00M
"input" in: xor.drc:38
    Polygons (raw): 20 (flat)  20 (hierarchical)
    Elapsed: 0.020s  Memory: 550.00M
"^" in: xor.drc:38
    Polygons (raw): 20 (flat)  20 (hierarchical)
    Elapsed: 0.010s  Memory: 550.00M
XOR differences: 20
"output" in: xor.drc:41
    Polygons (raw): 20 (flat)  20 (hierarchical)
    Elapsed: 0.010s  Memory: 550.00M
--- Running XOR for 70/16 ---
"input" in: xor.drc:38
    Polygons (raw): 12 (flat)  12 (hierarchical)
    Elapsed: 0.020s  Memory: 550.00M
"input" in: xor.drc:38
    Polygons (raw): 0 (flat)  0 (hierarchical)
    Elapsed: 0.010s  Memory: 550.00M
"^" in: xor.drc:38
    Polygons (raw): 12 (flat)  12 (hierarchical)
    Elapsed: 0.020s  Memory: 550.00M
XOR differences: 12
"output" in: xor.drc:41
    Polygons (raw): 12 (flat)  12 (hierarchical)
    Elapsed: 0.010s  Memory: 550.00M
--- Running XOR for 70/20 ---
"input" in: xor.drc:38
    Polygons (raw): 293 (flat)  293 (hierarchical)
    Elapsed: 0.020s  Memory: 550.00M
"input" in: xor.drc:38
    Polygons (raw): 0 (flat)  0 (hierarchical)
    Elapsed: 0.010s  Memory: 550.00M
"^" in: xor.drc:38
    Polygons (raw): 293 (flat)  293 (hierarchical)
    Elapsed: 0.020s  Memory: 550.00M
XOR differences: 293
"output" in: xor.drc:41
    Polygons (raw): 293 (flat)  293 (hierarchical)
    Elapsed: 0.010s  Memory: 550.00M
--- Running XOR for 70/44 ---
"input" in: xor.drc:38
    Polygons (raw): 290 (flat)  290 (hierarchical)
    Elapsed: 0.010s  Memory: 550.00M
"input" in: xor.drc:38
    Polygons (raw): 0 (flat)  0 (hierarchical)
    Elapsed: 0.020s  Memory: 550.00M
"^" in: xor.drc:38
    Polygons (raw): 290 (flat)  290 (hierarchical)
    Elapsed: 0.010s  Memory: 550.00M
XOR differences: 290
"output" in: xor.drc:41
    Polygons (raw): 290 (flat)  290 (hierarchical)
    Elapsed: 0.020s  Memory: 550.00M
--- Running XOR for 70/5 ---
"input" in: xor.drc:38
    Polygons (raw): 0 (flat)  0 (hierarchical)
    Elapsed: 0.010s  Memory: 550.00M
"input" in: xor.drc:38
    Polygons (raw): 0 (flat)  0 (hierarchical)
    Elapsed: 0.020s  Memory: 550.00M
"^" in: xor.drc:38
    Polygons (raw): 0 (flat)  0 (hierarchical)
    Elapsed: 0.010s  Memory: 550.00M
XOR differences: 0
"output" in: xor.drc:41
    Polygons (raw): 0 (flat)  0 (hierarchical)
    Elapsed: 0.020s  Memory: 550.00M
--- Running XOR for 71/20 ---
"input" in: xor.drc:38
    Polygons (raw): 8 (flat)  8 (hierarchical)
    Elapsed: 0.020s  Memory: 550.00M
"input" in: xor.drc:38
    Polygons (raw): 0 (flat)  0 (hierarchical)
    Elapsed: 0.010s  Memory: 550.00M
"^" in: xor.drc:38
    Polygons (raw): 8 (flat)  8 (hierarchical)
    Elapsed: 0.020s  Memory: 550.00M
XOR differences: 8
"output" in: xor.drc:41
    Polygons (raw): 8 (flat)  8 (hierarchical)
    Elapsed: 0.020s  Memory: 550.00M
--- Running XOR for 71/44 ---
"input" in: xor.drc:38
    Polygons (raw): 13 (flat)  13 (hierarchical)
    Elapsed: 0.010s  Memory: 550.00M
"input" in: xor.drc:38
    Polygons (raw): 0 (flat)  0 (hierarchical)
    Elapsed: 0.020s  Memory: 550.00M
"^" in: xor.drc:38
    Polygons (raw): 13 (flat)  13 (hierarchical)
    Elapsed: 0.010s  Memory: 550.00M
XOR differences: 13
"output" in: xor.drc:41
    Polygons (raw): 13 (flat)  13 (hierarchical)
    Elapsed: 0.020s  Memory: 550.00M
--- Running XOR for 72/16 ---
"input" in: xor.drc:38
    Polygons (raw): 2 (flat)  2 (hierarchical)
    Elapsed: 0.010s  Memory: 550.00M
"input" in: xor.drc:38
    Polygons (raw): 0 (flat)  0 (hierarchical)
    Elapsed: 0.020s  Memory: 550.00M
"^" in: xor.drc:38
    Polygons (raw): 2 (flat)  2 (hierarchical)
    Elapsed: 0.010s  Memory: 550.00M
XOR differences: 2
"output" in: xor.drc:41
    Polygons (raw): 2 (flat)  2 (hierarchical)
    Elapsed: 0.010s  Memory: 550.00M
--- Running XOR for 72/20 ---
"input" in: xor.drc:38
    Polygons (raw): 5 (flat)  5 (hierarchical)
    Elapsed: 0.020s  Memory: 550.00M
"input" in: xor.drc:38
    Polygons (raw): 0 (flat)  0 (hierarchical)
    Elapsed: 0.010s  Memory: 550.00M
"^" in: xor.drc:38
    Polygons (raw): 5 (flat)  5 (hierarchical)
    Elapsed: 0.020s  Memory: 550.00M
XOR differences: 5
"output" in: xor.drc:41
    Polygons (raw): 5 (flat)  5 (hierarchical)
    Elapsed: 0.010s  Memory: 550.00M
--- Running XOR for 72/5 ---
"input" in: xor.drc:38
    Polygons (raw): 0 (flat)  0 (hierarchical)
    Elapsed: 0.020s  Memory: 550.00M
"input" in: xor.drc:38
    Polygons (raw): 0 (flat)  0 (hierarchical)
    Elapsed: 0.010s  Memory: 550.00M
"^" in: xor.drc:38
    Polygons (raw): 0 (flat)  0 (hierarchical)
    Elapsed: 0.020s  Memory: 550.00M
XOR differences: 0
"output" in: xor.drc:41
    Polygons (raw): 0 (flat)  0 (hierarchical)
    Elapsed: 0.020s  Memory: 550.00M
--- Running XOR for 78/44 ---
"input" in: xor.drc:38
    Polygons (raw): 1077 (flat)  45 (hierarchical)
    Elapsed: 0.010s  Memory: 550.00M
"input" in: xor.drc:38
    Polygons (raw): 1077 (flat)  45 (hierarchical)
    Elapsed: 0.030s  Memory: 550.00M
"^" in: xor.drc:38
    Polygons (raw): 13 (flat)  13 (hierarchical)
    Elapsed: 0.050s  Memory: 550.00M
XOR differences: 13
"output" in: xor.drc:41
    Polygons (raw): 13 (flat)  13 (hierarchical)
    Elapsed: 0.020s  Memory: 550.00M
--- Running XOR for 8/0 ---
"input" in: xor.drc:38
    Polygons (raw): 0 (flat)  0 (hierarchical)
    Elapsed: 0.020s  Memory: 550.00M
"input" in: xor.drc:38
    Polygons (raw): 363 (flat)  5 (hierarchical)
    Elapsed: 0.020s  Memory: 550.00M
"^" in: xor.drc:38
    Polygons (raw): 363 (flat)  5 (hierarchical)
    Elapsed: 0.020s  Memory: 550.00M
XOR differences: 363
"output" in: xor.drc:41
    Polygons (raw): 363 (flat)  5 (hierarchical)
    Elapsed: 0.020s  Memory: 550.00M
--- Running XOR for 81/4 ---
"input" in: xor.drc:38
    Polygons (raw): 1033 (flat)  43 (hierarchical)
    Elapsed: 0.020s  Memory: 550.00M
"input" in: xor.drc:38
    Polygons (raw): 1033 (flat)  43 (hierarchical)
    Elapsed: 0.020s  Memory: 550.00M
"^" in: xor.drc:38
    Polygons (raw): 1 (flat)  1 (hierarchical)
    Elapsed: 0.060s  Memory: 550.00M
XOR differences: 1
"output" in: xor.drc:41
    Polygons (raw): 1 (flat)  1 (hierarchical)
    Elapsed: 0.020s  Memory: 550.00M
--- Running XOR for 83/44 ---
"input" in: xor.drc:38
    Polygons (raw): 0 (flat)  0 (hierarchical)
    Elapsed: 0.020s  Memory: 550.00M
"input" in: xor.drc:38
    Polygons (raw): 0 (flat)  0 (hierarchical)
    Elapsed: 0.010s  Memory: 550.00M
"^" in: xor.drc:38
    Polygons (raw): 0 (flat)  0 (hierarchical)
    Elapsed: 0.030s  Memory: 550.00M
XOR differences: 0
"output" in: xor.drc:41
    Polygons (raw): 0 (flat)  0 (hierarchical)
    Elapsed: 0.020s  Memory: 550.00M
--- Running XOR for 9/0 ---
"input" in: xor.drc:38
    Polygons (raw): 0 (flat)  0 (hierarchical)
    Elapsed: 0.010s  Memory: 550.00M
"input" in: xor.drc:38
    Polygons (raw): 267 (flat)  50 (hierarchical)
    Elapsed: 0.020s  Memory: 550.00M
"^" in: xor.drc:38
    Polygons (raw): 267 (flat)  50 (hierarchical)
    Elapsed: 0.020s  Memory: 550.00M
XOR differences: 267
"output" in: xor.drc:41
    Polygons (raw): 267 (flat)  50 (hierarchical)
    Elapsed: 0.030s  Memory: 550.00M
--- Running XOR for 9/2 ---
"input" in: xor.drc:38
    Polygons (raw): 0 (flat)  0 (hierarchical)
    Elapsed: 0.020s  Memory: 550.00M
"input" in: xor.drc:38
    Polygons (raw): 12 (flat)  12 (hierarchical)
    Elapsed: 0.010s  Memory: 550.00M
"^" in: xor.drc:38
    Polygons (raw): 12 (flat)  12 (hierarchical)
    Elapsed: 0.020s  Memory: 550.00M
XOR differences: 12
"output" in: xor.drc:41
    Polygons (raw): 12 (flat)  12 (hierarchical)
    Elapsed: 0.020s  Memory: 550.00M
--- Running XOR for 93/44 ---
"input" in: xor.drc:38
    Polygons (raw): 1108 (flat)  44 (hierarchical)
    Elapsed: 0.010s  Memory: 550.00M
"input" in: xor.drc:38
    Polygons (raw): 1108 (flat)  44 (hierarchical)
    Elapsed: 0.020s  Memory: 550.00M
"^" in: xor.drc:38
    Polygons (raw): 88 (flat)  88 (hierarchical)
    Elapsed: 0.050s  Memory: 550.00M
XOR differences: 88
"output" in: xor.drc:41
    Polygons (raw): 88 (flat)  88 (hierarchical)
    Elapsed: 0.020s  Memory: 550.00M
--- Running XOR for 94/20 ---
"input" in: xor.drc:38
    Polygons (raw): 1108 (flat)  44 (hierarchical)
    Elapsed: 0.010s  Memory: 550.00M
"input" in: xor.drc:38
    Polygons (raw): 1108 (flat)  44 (hierarchical)
    Elapsed: 0.020s  Memory: 550.00M
"^" in: xor.drc:38
    Polygons (raw): 86 (flat)  86 (hierarchical)
    Elapsed: 0.060s  Memory: 550.00M
XOR differences: 86
"output" in: xor.drc:41
    Polygons (raw): 86 (flat)  86 (hierarchical)
    Elapsed: 0.020s  Memory: 550.00M
--- Running XOR for 95/20 ---
"input" in: xor.drc:38
    Polygons (raw): 836 (flat)  43 (hierarchical)
    Elapsed: 0.010s  Memory: 550.00M
"input" in: xor.drc:38
    Polygons (raw): 836 (flat)  43 (hierarchical)
    Elapsed: 0.020s  Memory: 550.00M
"^" in: xor.drc:38
    Polygons (raw): 234 (flat)  234 (hierarchical)
    Elapsed: 0.040s  Memory: 550.00M
XOR differences: 234
"output" in: xor.drc:41
    Polygons (raw): 234 (flat)  234 (hierarchical)
    Elapsed: 0.020s  Memory: 550.00M
Writing layout file: /openLANE_flow/designs/dvsd_8216m9/runs/20-08_18-30/results/klayout/dvsd_8216m9.xor.gds ..
Total elapsed: 5.290s  Memory: 550.00M
