#! /usr/bin/vvp
:ivl_version "10.3 (stable)";
:ivl_delay_selection "TYPICAL";
:vpi_time_precision + 0;
:vpi_module "system";
:vpi_module "vhdl_sys";
:vpi_module "v2005_math";
:vpi_module "va_math";
S_0x562f9054b9a0 .scope module, "cmos_and_tb" "cmos_and_tb" 2 3;
 .timescale 0 0;
v0x562f9055ead0_0 .var "a1", 0 0;
v0x562f9055eba0_0 .var "a2", 0 0;
v0x562f9055ec70_0 .var/i "i", 31 0;
RS_0x7fcca322f0a8 .resolv tri, L_0x562f9055f4a0, L_0x562f9055f580;
v0x562f9055ed40_0 .net8 "y", 0 0, RS_0x7fcca322f0a8;  2 drivers, strength-aware
S_0x562f9054bb20 .scope module, "AND" "cmos_and" 2 26, 3 1 0, S_0x562f9054b9a0;
 .timescale 0 0;
    .port_info 0 /INPUT 1 "a1"
    .port_info 1 /INPUT 1 "a2"
    .port_info 2 /OUTPUT 1 "y"
L_0x562f9055eea0 .functor BUFT 1, C8<771>, C4<0>, C4<0>, C4<0>;
L_0x562f9055f0c0 .functor PMOS 1, L_0x562f9055eea0, v0x562f9055ead0_0, C4<0>, C4<0>;
L_0x562f9055f220 .functor PMOS 1, L_0x562f9055eea0, v0x562f9055eba0_0, C4<0>, C4<0>;
L_0x562f9055f330 .functor NMOS 1, L_0x562f9055f3a0, v0x562f9055ead0_0, C4<0>, C4<0>;
L_0x562f9055ee30 .functor BUFT 1, C8<770>, C4<0>, C4<0>, C4<0>;
L_0x562f9055f3a0 .functor NMOS 1, L_0x562f9055ee30, v0x562f9055eba0_0, C4<0>, C4<0>;
v0x562f9055e500_0 .net8 "GND", 0 0, L_0x562f9055ee30;  1 drivers, strength-aware
v0x562f9055e5c0_0 .net8 "PWR", 0 0, L_0x562f9055eea0;  1 drivers, strength-aware
v0x562f9055e680_0 .net "a1", 0 0, v0x562f9055ead0_0;  1 drivers
v0x562f9055e750_0 .net "a2", 0 0, v0x562f9055eba0_0;  1 drivers
RS_0x7fcca322f078 .resolv tri, L_0x562f9055f0c0, L_0x562f9055f220, L_0x562f9055f330;
v0x562f9055e810_0 .net8 "w1", 0 0, RS_0x7fcca322f078;  3 drivers, strength-aware
v0x562f9055e900_0 .net8 "w2", 0 0, L_0x562f9055f3a0;  1 drivers, strength-aware
v0x562f9055e9a0_0 .net8 "y", 0 0, RS_0x7fcca322f0a8;  alias, 2 drivers, strength-aware
S_0x562f9054a870 .scope module, "INV" "cmos_inverter" 3 15, 3 19 0, S_0x562f9054bb20;
 .timescale 0 0;
    .port_info 0 /INPUT 1 "a"
    .port_info 1 /OUTPUT 1 "y"
L_0x562f9055f000 .functor BUFT 1, C8<771>, C4<0>, C4<0>, C4<0>;
L_0x562f9055f4a0 .functor PMOS 1, L_0x562f9055f000, RS_0x7fcca322f078, C4<0>, C4<0>;
L_0x562f9055ef60 .functor BUFT 1, C8<770>, C4<0>, C4<0>, C4<0>;
L_0x562f9055f580 .functor NMOS 1, L_0x562f9055ef60, RS_0x7fcca322f078, C4<0>, C4<0>;
v0x562f9054aa40_0 .net8 "GND", 0 0, L_0x562f9055ef60;  1 drivers, strength-aware
v0x562f9055e280_0 .net8 "PWR", 0 0, L_0x562f9055f000;  1 drivers, strength-aware
v0x562f9055e340_0 .net8 "a", 0 0, RS_0x7fcca322f078;  alias, 3 drivers, strength-aware
v0x562f9055e3e0_0 .net8 "y", 0 0, RS_0x7fcca322f0a8;  alias, 2 drivers, strength-aware
    .scope S_0x562f9054b9a0;
T_0 ;
    %vpi_call 2 11 "$dumpfile", "cmos_and_tb.vcd" {0 0 0};
    %vpi_call 2 12 "$dumpvars", 32'sb00000000000000000000000000000000, S_0x562f9054b9a0 {0 0 0};
    %pushi/vec4 0, 0, 1;
    %store/vec4 v0x562f9055ead0_0, 0, 1;
    %pushi/vec4 0, 0, 1;
    %store/vec4 v0x562f9055eba0_0, 0, 1;
    %pushi/vec4 0, 0, 32;
    %store/vec4 v0x562f9055ec70_0, 0, 32;
T_0.0 ;
    %load/vec4 v0x562f9055ec70_0;
    %cmpi/s 4, 0, 32;
    %jmp/0xz T_0.1, 5;
    %delay 5, 0;
    %load/vec4 v0x562f9055ec70_0;
    %pad/s 2;
    %split/vec4 1;
    %store/vec4 v0x562f9055ead0_0, 0, 1;
    %store/vec4 v0x562f9055eba0_0, 0, 1;
    %load/vec4 v0x562f9055ec70_0;
    %addi 1, 0, 32;
    %store/vec4 v0x562f9055ec70_0, 0, 32;
    %jmp T_0.0;
T_0.1 ;
    %end;
    .thread T_0;
    .scope S_0x562f9054b9a0;
T_1 ;
    %vpi_call 2 21 "$display", "a2\011a1\011y" {0 0 0};
    %vpi_call 2 22 "$monitor", v0x562f9055eba0_0, "\011", v0x562f9055ead0_0, "\011", v0x562f9055ed40_0 {0 0 0};
    %delay 20, 0;
    %vpi_call 2 23 "$finish" {0 0 0};
    %end;
    .thread T_1;
# The file index is used to find the file name in the following table.
:file_names 4;
    "N/A";
    "<interactive>";
    "cmos_and_tb.v";
    "./../rtl/cmos_and.v";
