
Cell sky130_fd_sc_hd__or2_1 disconnected node: A
Cell sky130_fd_sc_hd__or2_1 disconnected node: B
Cell sky130_fd_sc_hd__or2_1 disconnected node: VGND
Cell sky130_fd_sc_hd__or2_1 disconnected node: VNB
Cell sky130_fd_sc_hd__or2_1 disconnected node: VPB
Cell sky130_fd_sc_hd__or2_1 disconnected node: VPWR
Cell sky130_fd_sc_hd__or2_1 disconnected node: X
Warning: Equate pins:  cell sky130_fd_sc_hd__or2_1 has no definition, treated as a black box.

Subcircuit pins:
Circuit 1: sky130_fd_sc_hd__or2_1          |Circuit 2: sky130_fd_sc_hd__or2_1          
-------------------------------------------|-------------------------------------------
A                                          |A                                          
B                                          |B                                          
VGND                                       |VGND                                       
VNB                                        |VNB                                        
VPB                                        |VPB                                        
VPWR                                       |VPWR                                       
X                                          |X                                          
---------------------------------------------------------------------------------------
Cell pin lists are equivalent.
Device classes sky130_fd_sc_hd__or2_1 and sky130_fd_sc_hd__or2_1 are equivalent.

Cell sky130_fd_sc_hd__fill_1 disconnected node: VGND
Cell sky130_fd_sc_hd__fill_1 disconnected node: VNB
Cell sky130_fd_sc_hd__fill_1 disconnected node: VPB
Cell sky130_fd_sc_hd__fill_1 disconnected node: VPWR
Warning: Equate pins:  cell sky130_fd_sc_hd__fill_1 has no definition, treated as a black box.

Subcircuit pins:
Circuit 1: sky130_fd_sc_hd__fill_1         |Circuit 2: sky130_fd_sc_hd__fill_1         
-------------------------------------------|-------------------------------------------
VGND                                       |VGND                                       
VNB                                        |VNB                                        
VPB                                        |VPB                                        
VPWR                                       |VPWR                                       
---------------------------------------------------------------------------------------
Cell pin lists are equivalent.
Device classes sky130_fd_sc_hd__fill_1 and sky130_fd_sc_hd__fill_1 are equivalent.

Cell sky130_fd_sc_hd__a2bb2oi_1 disconnected node: A1_N
Cell sky130_fd_sc_hd__a2bb2oi_1 disconnected node: A2_N
Cell sky130_fd_sc_hd__a2bb2oi_1 disconnected node: B1
Cell sky130_fd_sc_hd__a2bb2oi_1 disconnected node: B2
Cell sky130_fd_sc_hd__a2bb2oi_1 disconnected node: VGND
Cell sky130_fd_sc_hd__a2bb2oi_1 disconnected node: VNB
Cell sky130_fd_sc_hd__a2bb2oi_1 disconnected node: VPB
Cell sky130_fd_sc_hd__a2bb2oi_1 disconnected node: VPWR
Cell sky130_fd_sc_hd__a2bb2oi_1 disconnected node: Y
Warning: Equate pins:  cell sky130_fd_sc_hd__a2bb2oi_1 has no definition, treated as a black box.

Subcircuit pins:
Circuit 1: sky130_fd_sc_hd__a2bb2oi_1      |Circuit 2: sky130_fd_sc_hd__a2bb2oi_1      
-------------------------------------------|-------------------------------------------
A1_N                                       |A1_N                                       
A2_N                                       |A2_N                                       
B1                                         |B1                                         
B2                                         |B2                                         
VGND                                       |VGND                                       
VNB                                        |VNB                                        
VPB                                        |VPB                                        
VPWR                                       |VPWR                                       
Y                                          |Y                                          
---------------------------------------------------------------------------------------
Cell pin lists are equivalent.
Device classes sky130_fd_sc_hd__a2bb2oi_1 and sky130_fd_sc_hd__a2bb2oi_1 are equivalent.

Cell sky130_fd_sc_hd__decap_8 disconnected node: VGND
Cell sky130_fd_sc_hd__decap_8 disconnected node: VNB
Cell sky130_fd_sc_hd__decap_8 disconnected node: VPB
Cell sky130_fd_sc_hd__decap_8 disconnected node: VPWR
Warning: Equate pins:  cell sky130_fd_sc_hd__decap_8 has no definition, treated as a black box.

Subcircuit pins:
Circuit 1: sky130_fd_sc_hd__decap_8        |Circuit 2: sky130_fd_sc_hd__decap_8        
-------------------------------------------|-------------------------------------------
VGND                                       |VGND                                       
VNB                                        |VNB                                        
VPB                                        |VPB                                        
VPWR                                       |VPWR                                       
---------------------------------------------------------------------------------------
Cell pin lists are equivalent.
Device classes sky130_fd_sc_hd__decap_8 and sky130_fd_sc_hd__decap_8 are equivalent.

Cell sky130_fd_sc_hd__decap_4 disconnected node: VGND
Cell sky130_fd_sc_hd__decap_4 disconnected node: VNB
Cell sky130_fd_sc_hd__decap_4 disconnected node: VPB
Cell sky130_fd_sc_hd__decap_4 disconnected node: VPWR
Warning: Equate pins:  cell sky130_fd_sc_hd__decap_4 has no definition, treated as a black box.

Subcircuit pins:
Circuit 1: sky130_fd_sc_hd__decap_4        |Circuit 2: sky130_fd_sc_hd__decap_4        
-------------------------------------------|-------------------------------------------
VGND                                       |VGND                                       
VNB                                        |VNB                                        
VPB                                        |VPB                                        
VPWR                                       |VPWR                                       
---------------------------------------------------------------------------------------
Cell pin lists are equivalent.
Device classes sky130_fd_sc_hd__decap_4 and sky130_fd_sc_hd__decap_4 are equivalent.

Cell sky130_fd_sc_hd__buf_6 disconnected node: A
Cell sky130_fd_sc_hd__buf_6 disconnected node: VGND
Cell sky130_fd_sc_hd__buf_6 disconnected node: VNB
Cell sky130_fd_sc_hd__buf_6 disconnected node: VPB
Cell sky130_fd_sc_hd__buf_6 disconnected node: VPWR
Cell sky130_fd_sc_hd__buf_6 disconnected node: X
Warning: Equate pins:  cell sky130_fd_sc_hd__buf_6 has no definition, treated as a black box.

Subcircuit pins:
Circuit 1: sky130_fd_sc_hd__buf_6          |Circuit 2: sky130_fd_sc_hd__buf_6          
-------------------------------------------|-------------------------------------------
A                                          |A                                          
VGND                                       |VGND                                       
VNB                                        |VNB                                        
VPB                                        |VPB                                        
VPWR                                       |VPWR                                       
X                                          |X                                          
---------------------------------------------------------------------------------------
Cell pin lists are equivalent.
Device classes sky130_fd_sc_hd__buf_6 and sky130_fd_sc_hd__buf_6 are equivalent.

Cell sky130_fd_sc_hd__buf_1 disconnected node: A
Cell sky130_fd_sc_hd__buf_1 disconnected node: VGND
Cell sky130_fd_sc_hd__buf_1 disconnected node: VNB
Cell sky130_fd_sc_hd__buf_1 disconnected node: VPB
Cell sky130_fd_sc_hd__buf_1 disconnected node: VPWR
Cell sky130_fd_sc_hd__buf_1 disconnected node: X
Warning: Equate pins:  cell sky130_fd_sc_hd__buf_1 has no definition, treated as a black box.

Subcircuit pins:
Circuit 1: sky130_fd_sc_hd__buf_1          |Circuit 2: sky130_fd_sc_hd__buf_1          
-------------------------------------------|-------------------------------------------
A                                          |A                                          
VGND                                       |VGND                                       
VNB                                        |VNB                                        
VPB                                        |VPB                                        
VPWR                                       |VPWR                                       
X                                          |X                                          
---------------------------------------------------------------------------------------
Cell pin lists are equivalent.
Device classes sky130_fd_sc_hd__buf_1 and sky130_fd_sc_hd__buf_1 are equivalent.

Cell sky130_fd_sc_hd__a2bb2o_1 disconnected node: A1_N
Cell sky130_fd_sc_hd__a2bb2o_1 disconnected node: A2_N
Cell sky130_fd_sc_hd__a2bb2o_1 disconnected node: B1
Cell sky130_fd_sc_hd__a2bb2o_1 disconnected node: B2
Cell sky130_fd_sc_hd__a2bb2o_1 disconnected node: VGND
Cell sky130_fd_sc_hd__a2bb2o_1 disconnected node: VNB
Cell sky130_fd_sc_hd__a2bb2o_1 disconnected node: VPB
Cell sky130_fd_sc_hd__a2bb2o_1 disconnected node: VPWR
Cell sky130_fd_sc_hd__a2bb2o_1 disconnected node: X
Warning: Equate pins:  cell sky130_fd_sc_hd__a2bb2o_1 has no definition, treated as a black box.

Subcircuit pins:
Circuit 1: sky130_fd_sc_hd__a2bb2o_1       |Circuit 2: sky130_fd_sc_hd__a2bb2o_1       
-------------------------------------------|-------------------------------------------
A1_N                                       |A1_N                                       
A2_N                                       |A2_N                                       
B1                                         |B1                                         
B2                                         |B2                                         
VGND                                       |VGND                                       
VNB                                        |VNB                                        
VPB                                        |VPB                                        
VPWR                                       |VPWR                                       
X                                          |X                                          
---------------------------------------------------------------------------------------
Cell pin lists are equivalent.
Device classes sky130_fd_sc_hd__a2bb2o_1 and sky130_fd_sc_hd__a2bb2o_1 are equivalent.

Cell sky130_fd_sc_hd__decap_12 disconnected node: VGND
Cell sky130_fd_sc_hd__decap_12 disconnected node: VNB
Cell sky130_fd_sc_hd__decap_12 disconnected node: VPB
Cell sky130_fd_sc_hd__decap_12 disconnected node: VPWR
Warning: Equate pins:  cell sky130_fd_sc_hd__decap_12 has no definition, treated as a black box.

Subcircuit pins:
Circuit 1: sky130_fd_sc_hd__decap_12       |Circuit 2: sky130_fd_sc_hd__decap_12       
-------------------------------------------|-------------------------------------------
VGND                                       |VGND                                       
VNB                                        |VNB                                        
VPB                                        |VPB                                        
VPWR                                       |VPWR                                       
---------------------------------------------------------------------------------------
Cell pin lists are equivalent.
Device classes sky130_fd_sc_hd__decap_12 and sky130_fd_sc_hd__decap_12 are equivalent.

Cell sky130_fd_sc_hd__a22o_1 disconnected node: A1
Cell sky130_fd_sc_hd__a22o_1 disconnected node: A2
Cell sky130_fd_sc_hd__a22o_1 disconnected node: B1
Cell sky130_fd_sc_hd__a22o_1 disconnected node: B2
Cell sky130_fd_sc_hd__a22o_1 disconnected node: VGND
Cell sky130_fd_sc_hd__a22o_1 disconnected node: VNB
Cell sky130_fd_sc_hd__a22o_1 disconnected node: VPB
Cell sky130_fd_sc_hd__a22o_1 disconnected node: VPWR
Cell sky130_fd_sc_hd__a22o_1 disconnected node: X
Warning: Equate pins:  cell sky130_fd_sc_hd__a22o_1 has no definition, treated as a black box.

Subcircuit pins:
Circuit 1: sky130_fd_sc_hd__a22o_1         |Circuit 2: sky130_fd_sc_hd__a22o_1         
-------------------------------------------|-------------------------------------------
A1                                         |A1                                         
A2                                         |A2                                         
B1                                         |B1                                         
B2                                         |B2                                         
VGND                                       |VGND                                       
VNB                                        |VNB                                        
VPB                                        |VPB                                        
VPWR                                       |VPWR                                       
X                                          |X                                          
---------------------------------------------------------------------------------------
Cell pin lists are equivalent.
Device classes sky130_fd_sc_hd__a22o_1 and sky130_fd_sc_hd__a22o_1 are equivalent.

Cell sky130_fd_sc_hd__clkbuf_2 disconnected node: A
Cell sky130_fd_sc_hd__clkbuf_2 disconnected node: VGND
Cell sky130_fd_sc_hd__clkbuf_2 disconnected node: VNB
Cell sky130_fd_sc_hd__clkbuf_2 disconnected node: VPB
Cell sky130_fd_sc_hd__clkbuf_2 disconnected node: VPWR
Cell sky130_fd_sc_hd__clkbuf_2 disconnected node: X
Warning: Equate pins:  cell sky130_fd_sc_hd__clkbuf_2 has no definition, treated as a black box.

Subcircuit pins:
Circuit 1: sky130_fd_sc_hd__clkbuf_2       |Circuit 2: sky130_fd_sc_hd__clkbuf_2       
-------------------------------------------|-------------------------------------------
A                                          |A                                          
VGND                                       |VGND                                       
VNB                                        |VNB                                        
VPB                                        |VPB                                        
VPWR                                       |VPWR                                       
X                                          |X                                          
---------------------------------------------------------------------------------------
Cell pin lists are equivalent.
Device classes sky130_fd_sc_hd__clkbuf_2 and sky130_fd_sc_hd__clkbuf_2 are equivalent.

Cell sky130_fd_sc_hd__tapvpwrvgnd_1 disconnected node: VGND
Cell sky130_fd_sc_hd__tapvpwrvgnd_1 disconnected node: VPWR
Warning: Equate pins:  cell sky130_fd_sc_hd__tapvpwrvgnd_1 has no definition, treated as a black box.

Subcircuit pins:
Circuit 1: sky130_fd_sc_hd__tapvpwrvgnd_1  |Circuit 2: sky130_fd_sc_hd__tapvpwrvgnd_1  
-------------------------------------------|-------------------------------------------
VGND                                       |VGND                                       
VPWR                                       |VPWR                                       
---------------------------------------------------------------------------------------
Cell pin lists are equivalent.
Device classes sky130_fd_sc_hd__tapvpwrvgnd_1 and sky130_fd_sc_hd__tapvpwrvgnd_1 are equivalent.

Cell sky130_fd_sc_hd__decap_3 disconnected node: VGND
Cell sky130_fd_sc_hd__decap_3 disconnected node: VNB
Cell sky130_fd_sc_hd__decap_3 disconnected node: VPB
Cell sky130_fd_sc_hd__decap_3 disconnected node: VPWR
Warning: Equate pins:  cell sky130_fd_sc_hd__decap_3 has no definition, treated as a black box.

Subcircuit pins:
Circuit 1: sky130_fd_sc_hd__decap_3        |Circuit 2: sky130_fd_sc_hd__decap_3        
-------------------------------------------|-------------------------------------------
VGND                                       |VGND                                       
VNB                                        |VNB                                        
VPB                                        |VPB                                        
VPWR                                       |VPWR                                       
---------------------------------------------------------------------------------------
Cell pin lists are equivalent.
Device classes sky130_fd_sc_hd__decap_3 and sky130_fd_sc_hd__decap_3 are equivalent.

Cell sky130_fd_sc_hd__o22a_1 disconnected node: A1
Cell sky130_fd_sc_hd__o22a_1 disconnected node: A2
Cell sky130_fd_sc_hd__o22a_1 disconnected node: B1
Cell sky130_fd_sc_hd__o22a_1 disconnected node: B2
Cell sky130_fd_sc_hd__o22a_1 disconnected node: VGND
Cell sky130_fd_sc_hd__o22a_1 disconnected node: VNB
Cell sky130_fd_sc_hd__o22a_1 disconnected node: VPB
Cell sky130_fd_sc_hd__o22a_1 disconnected node: VPWR
Cell sky130_fd_sc_hd__o22a_1 disconnected node: X
Warning: Equate pins:  cell sky130_fd_sc_hd__o22a_1 has no definition, treated as a black box.

Subcircuit pins:
Circuit 1: sky130_fd_sc_hd__o22a_1         |Circuit 2: sky130_fd_sc_hd__o22a_1         
-------------------------------------------|-------------------------------------------
A1                                         |A1                                         
A2                                         |A2                                         
B1                                         |B1                                         
B2                                         |B2                                         
VGND                                       |VGND                                       
VNB                                        |VNB                                        
VPB                                        |VPB                                        
VPWR                                       |VPWR                                       
X                                          |X                                          
---------------------------------------------------------------------------------------
Cell pin lists are equivalent.
Device classes sky130_fd_sc_hd__o22a_1 and sky130_fd_sc_hd__o22a_1 are equivalent.

Cell sky130_fd_sc_hd__decap_6 disconnected node: VGND
Cell sky130_fd_sc_hd__decap_6 disconnected node: VNB
Cell sky130_fd_sc_hd__decap_6 disconnected node: VPB
Cell sky130_fd_sc_hd__decap_6 disconnected node: VPWR
Warning: Equate pins:  cell sky130_fd_sc_hd__decap_6 has no definition, treated as a black box.

Subcircuit pins:
Circuit 1: sky130_fd_sc_hd__decap_6        |Circuit 2: sky130_fd_sc_hd__decap_6        
-------------------------------------------|-------------------------------------------
VGND                                       |VGND                                       
VNB                                        |VNB                                        
VPB                                        |VPB                                        
VPWR                                       |VPWR                                       
---------------------------------------------------------------------------------------
Cell pin lists are equivalent.
Device classes sky130_fd_sc_hd__decap_6 and sky130_fd_sc_hd__decap_6 are equivalent.

Cell sky130_fd_sc_hd__inv_2 disconnected node: A
Cell sky130_fd_sc_hd__inv_2 disconnected node: VGND
Cell sky130_fd_sc_hd__inv_2 disconnected node: VNB
Cell sky130_fd_sc_hd__inv_2 disconnected node: VPB
Cell sky130_fd_sc_hd__inv_2 disconnected node: VPWR
Cell sky130_fd_sc_hd__inv_2 disconnected node: Y
Warning: Equate pins:  cell sky130_fd_sc_hd__inv_2 has no definition, treated as a black box.

Subcircuit pins:
Circuit 1: sky130_fd_sc_hd__inv_2          |Circuit 2: sky130_fd_sc_hd__inv_2          
-------------------------------------------|-------------------------------------------
A                                          |A                                          
VGND                                       |VGND                                       
VNB                                        |VNB                                        
VPB                                        |VPB                                        
VPWR                                       |VPWR                                       
Y                                          |Y                                          
---------------------------------------------------------------------------------------
Cell pin lists are equivalent.
Device classes sky130_fd_sc_hd__inv_2 and sky130_fd_sc_hd__inv_2 are equivalent.

Cell sky130_fd_sc_hd__fill_2 disconnected node: VGND
Cell sky130_fd_sc_hd__fill_2 disconnected node: VNB
Cell sky130_fd_sc_hd__fill_2 disconnected node: VPB
Cell sky130_fd_sc_hd__fill_2 disconnected node: VPWR
Warning: Equate pins:  cell sky130_fd_sc_hd__fill_2 has no definition, treated as a black box.

Subcircuit pins:
Circuit 1: sky130_fd_sc_hd__fill_2         |Circuit 2: sky130_fd_sc_hd__fill_2         
-------------------------------------------|-------------------------------------------
VGND                                       |VGND                                       
VNB                                        |VNB                                        
VPB                                        |VPB                                        
VPWR                                       |VPWR                                       
---------------------------------------------------------------------------------------
Cell pin lists are equivalent.
Device classes sky130_fd_sc_hd__fill_2 and sky130_fd_sc_hd__fill_2 are equivalent.

Cell sky130_fd_sc_hd__o221ai_2 disconnected node: A1
Cell sky130_fd_sc_hd__o221ai_2 disconnected node: A2
Cell sky130_fd_sc_hd__o221ai_2 disconnected node: B1
Cell sky130_fd_sc_hd__o221ai_2 disconnected node: B2
Cell sky130_fd_sc_hd__o221ai_2 disconnected node: C1
Cell sky130_fd_sc_hd__o221ai_2 disconnected node: VGND
Cell sky130_fd_sc_hd__o221ai_2 disconnected node: VNB
Cell sky130_fd_sc_hd__o221ai_2 disconnected node: VPB
Cell sky130_fd_sc_hd__o221ai_2 disconnected node: VPWR
Cell sky130_fd_sc_hd__o221ai_2 disconnected node: Y
Warning: Equate pins:  cell sky130_fd_sc_hd__o221ai_2 has no definition, treated as a black box.

Subcircuit pins:
Circuit 1: sky130_fd_sc_hd__o221ai_2       |Circuit 2: sky130_fd_sc_hd__o221ai_2       
-------------------------------------------|-------------------------------------------
A1                                         |A1                                         
A2                                         |A2                                         
B1                                         |B1                                         
B2                                         |B2                                         
C1                                         |C1                                         
VGND                                       |VGND                                       
VNB                                        |VNB                                        
VPB                                        |VPB                                        
VPWR                                       |VPWR                                       
Y                                          |Y                                          
---------------------------------------------------------------------------------------
Cell pin lists are equivalent.
Device classes sky130_fd_sc_hd__o221ai_2 and sky130_fd_sc_hd__o221ai_2 are equivalent.

Cell sky130_fd_sc_hd__o32a_1 disconnected node: A1
Cell sky130_fd_sc_hd__o32a_1 disconnected node: A2
Cell sky130_fd_sc_hd__o32a_1 disconnected node: A3
Cell sky130_fd_sc_hd__o32a_1 disconnected node: B1
Cell sky130_fd_sc_hd__o32a_1 disconnected node: B2
Cell sky130_fd_sc_hd__o32a_1 disconnected node: VGND
Cell sky130_fd_sc_hd__o32a_1 disconnected node: VNB
Cell sky130_fd_sc_hd__o32a_1 disconnected node: VPB
Cell sky130_fd_sc_hd__o32a_1 disconnected node: VPWR
Cell sky130_fd_sc_hd__o32a_1 disconnected node: X
Warning: Equate pins:  cell sky130_fd_sc_hd__o32a_1 has no definition, treated as a black box.

Subcircuit pins:
Circuit 1: sky130_fd_sc_hd__o32a_1         |Circuit 2: sky130_fd_sc_hd__o32a_1         
-------------------------------------------|-------------------------------------------
A1                                         |A1                                         
A2                                         |A2                                         
A3                                         |A3                                         
B1                                         |B1                                         
B2                                         |B2                                         
VGND                                       |VGND                                       
VNB                                        |VNB                                        
VPB                                        |VPB                                        
VPWR                                       |VPWR                                       
X                                          |X                                          
---------------------------------------------------------------------------------------
Cell pin lists are equivalent.
Device classes sky130_fd_sc_hd__o32a_1 and sky130_fd_sc_hd__o32a_1 are equivalent.

Cell sky130_fd_sc_hd__a21oi_1 disconnected node: A1
Cell sky130_fd_sc_hd__a21oi_1 disconnected node: A2
Cell sky130_fd_sc_hd__a21oi_1 disconnected node: B1
Cell sky130_fd_sc_hd__a21oi_1 disconnected node: VGND
Cell sky130_fd_sc_hd__a21oi_1 disconnected node: VNB
Cell sky130_fd_sc_hd__a21oi_1 disconnected node: VPB
Cell sky130_fd_sc_hd__a21oi_1 disconnected node: VPWR
Cell sky130_fd_sc_hd__a21oi_1 disconnected node: Y
Warning: Equate pins:  cell sky130_fd_sc_hd__a21oi_1 has no definition, treated as a black box.

Subcircuit pins:
Circuit 1: sky130_fd_sc_hd__a21oi_1        |Circuit 2: sky130_fd_sc_hd__a21oi_1        
-------------------------------------------|-------------------------------------------
A1                                         |A1                                         
A2                                         |A2                                         
B1                                         |B1                                         
VGND                                       |VGND                                       
VNB                                        |VNB                                        
VPB                                        |VPB                                        
VPWR                                       |VPWR                                       
Y                                          |Y                                          
---------------------------------------------------------------------------------------
Cell pin lists are equivalent.
Device classes sky130_fd_sc_hd__a21oi_1 and sky130_fd_sc_hd__a21oi_1 are equivalent.

Cell sky130_fd_sc_hd__or4_1 disconnected node: A
Cell sky130_fd_sc_hd__or4_1 disconnected node: B
Cell sky130_fd_sc_hd__or4_1 disconnected node: C
Cell sky130_fd_sc_hd__or4_1 disconnected node: D
Cell sky130_fd_sc_hd__or4_1 disconnected node: VGND
Cell sky130_fd_sc_hd__or4_1 disconnected node: VNB
Cell sky130_fd_sc_hd__or4_1 disconnected node: VPB
Cell sky130_fd_sc_hd__or4_1 disconnected node: VPWR
Cell sky130_fd_sc_hd__or4_1 disconnected node: X
Warning: Equate pins:  cell sky130_fd_sc_hd__or4_1 has no definition, treated as a black box.

Subcircuit pins:
Circuit 1: sky130_fd_sc_hd__or4_1          |Circuit 2: sky130_fd_sc_hd__or4_1          
-------------------------------------------|-------------------------------------------
A                                          |A                                          
B                                          |B                                          
C                                          |C                                          
D                                          |D                                          
VGND                                       |VGND                                       
VNB                                        |VNB                                        
VPB                                        |VPB                                        
VPWR                                       |VPWR                                       
X                                          |X                                          
---------------------------------------------------------------------------------------
Cell pin lists are equivalent.
Device classes sky130_fd_sc_hd__or4_1 and sky130_fd_sc_hd__or4_1 are equivalent.

Cell sky130_fd_sc_hd__a21o_1 disconnected node: A1
Cell sky130_fd_sc_hd__a21o_1 disconnected node: A2
Cell sky130_fd_sc_hd__a21o_1 disconnected node: B1
Cell sky130_fd_sc_hd__a21o_1 disconnected node: VGND
Cell sky130_fd_sc_hd__a21o_1 disconnected node: VNB
Cell sky130_fd_sc_hd__a21o_1 disconnected node: VPB
Cell sky130_fd_sc_hd__a21o_1 disconnected node: VPWR
Cell sky130_fd_sc_hd__a21o_1 disconnected node: X
Warning: Equate pins:  cell sky130_fd_sc_hd__a21o_1 has no definition, treated as a black box.

Subcircuit pins:
Circuit 1: sky130_fd_sc_hd__a21o_1         |Circuit 2: sky130_fd_sc_hd__a21o_1         
-------------------------------------------|-------------------------------------------
A1                                         |A1                                         
A2                                         |A2                                         
B1                                         |B1                                         
VGND                                       |VGND                                       
VNB                                        |VNB                                        
VPB                                        |VPB                                        
VPWR                                       |VPWR                                       
X                                          |X                                          
---------------------------------------------------------------------------------------
Cell pin lists are equivalent.
Device classes sky130_fd_sc_hd__a21o_1 and sky130_fd_sc_hd__a21o_1 are equivalent.

Cell sky130_fd_sc_hd__nor2_1 disconnected node: A
Cell sky130_fd_sc_hd__nor2_1 disconnected node: B
Cell sky130_fd_sc_hd__nor2_1 disconnected node: VGND
Cell sky130_fd_sc_hd__nor2_1 disconnected node: VNB
Cell sky130_fd_sc_hd__nor2_1 disconnected node: VPB
Cell sky130_fd_sc_hd__nor2_1 disconnected node: VPWR
Cell sky130_fd_sc_hd__nor2_1 disconnected node: Y
Warning: Equate pins:  cell sky130_fd_sc_hd__nor2_1 has no definition, treated as a black box.

Subcircuit pins:
Circuit 1: sky130_fd_sc_hd__nor2_1         |Circuit 2: sky130_fd_sc_hd__nor2_1         
-------------------------------------------|-------------------------------------------
A                                          |A                                          
B                                          |B                                          
VGND                                       |VGND                                       
VNB                                        |VNB                                        
VPB                                        |VPB                                        
VPWR                                       |VPWR                                       
Y                                          |Y                                          
---------------------------------------------------------------------------------------
Cell pin lists are equivalent.
Device classes sky130_fd_sc_hd__nor2_1 and sky130_fd_sc_hd__nor2_1 are equivalent.

Cell sky130_fd_sc_hd__a31o_1 disconnected node: A1
Cell sky130_fd_sc_hd__a31o_1 disconnected node: A2
Cell sky130_fd_sc_hd__a31o_1 disconnected node: A3
Cell sky130_fd_sc_hd__a31o_1 disconnected node: B1
Cell sky130_fd_sc_hd__a31o_1 disconnected node: VGND
Cell sky130_fd_sc_hd__a31o_1 disconnected node: VNB
Cell sky130_fd_sc_hd__a31o_1 disconnected node: VPB
Cell sky130_fd_sc_hd__a31o_1 disconnected node: VPWR
Cell sky130_fd_sc_hd__a31o_1 disconnected node: X
Warning: Equate pins:  cell sky130_fd_sc_hd__a31o_1 has no definition, treated as a black box.

Subcircuit pins:
Circuit 1: sky130_fd_sc_hd__a31o_1         |Circuit 2: sky130_fd_sc_hd__a31o_1         
-------------------------------------------|-------------------------------------------
A1                                         |A1                                         
A2                                         |A2                                         
A3                                         |A3                                         
B1                                         |B1                                         
VGND                                       |VGND                                       
VNB                                        |VNB                                        
VPB                                        |VPB                                        
VPWR                                       |VPWR                                       
X                                          |X                                          
---------------------------------------------------------------------------------------
Cell pin lists are equivalent.
Device classes sky130_fd_sc_hd__a31o_1 and sky130_fd_sc_hd__a31o_1 are equivalent.

Cell sky130_fd_sc_hd__a31oi_2 disconnected node: A1
Cell sky130_fd_sc_hd__a31oi_2 disconnected node: A2
Cell sky130_fd_sc_hd__a31oi_2 disconnected node: A3
Cell sky130_fd_sc_hd__a31oi_2 disconnected node: B1
Cell sky130_fd_sc_hd__a31oi_2 disconnected node: VGND
Cell sky130_fd_sc_hd__a31oi_2 disconnected node: VNB
Cell sky130_fd_sc_hd__a31oi_2 disconnected node: VPB
Cell sky130_fd_sc_hd__a31oi_2 disconnected node: VPWR
Cell sky130_fd_sc_hd__a31oi_2 disconnected node: Y
Warning: Equate pins:  cell sky130_fd_sc_hd__a31oi_2 has no definition, treated as a black box.

Subcircuit pins:
Circuit 1: sky130_fd_sc_hd__a31oi_2        |Circuit 2: sky130_fd_sc_hd__a31oi_2        
-------------------------------------------|-------------------------------------------
A1                                         |A1                                         
A2                                         |A2                                         
A3                                         |A3                                         
B1                                         |B1                                         
VGND                                       |VGND                                       
VNB                                        |VNB                                        
VPB                                        |VPB                                        
VPWR                                       |VPWR                                       
Y                                          |Y                                          
---------------------------------------------------------------------------------------
Cell pin lists are equivalent.
Device classes sky130_fd_sc_hd__a31oi_2 and sky130_fd_sc_hd__a31oi_2 are equivalent.

Cell sky130_fd_sc_hd__and4_1 disconnected node: A
Cell sky130_fd_sc_hd__and4_1 disconnected node: B
Cell sky130_fd_sc_hd__and4_1 disconnected node: C
Cell sky130_fd_sc_hd__and4_1 disconnected node: D
Cell sky130_fd_sc_hd__and4_1 disconnected node: VGND
Cell sky130_fd_sc_hd__and4_1 disconnected node: VNB
Cell sky130_fd_sc_hd__and4_1 disconnected node: VPB
Cell sky130_fd_sc_hd__and4_1 disconnected node: VPWR
Cell sky130_fd_sc_hd__and4_1 disconnected node: X
Warning: Equate pins:  cell sky130_fd_sc_hd__and4_1 has no definition, treated as a black box.

Subcircuit pins:
Circuit 1: sky130_fd_sc_hd__and4_1         |Circuit 2: sky130_fd_sc_hd__and4_1         
-------------------------------------------|-------------------------------------------
A                                          |A                                          
B                                          |B                                          
C                                          |C                                          
D                                          |D                                          
VGND                                       |VGND                                       
VNB                                        |VNB                                        
VPB                                        |VPB                                        
VPWR                                       |VPWR                                       
X                                          |X                                          
---------------------------------------------------------------------------------------
Cell pin lists are equivalent.
Device classes sky130_fd_sc_hd__and4_1 and sky130_fd_sc_hd__and4_1 are equivalent.

Cell sky130_fd_sc_hd__dlymetal6s2s_1 disconnected node: A
Cell sky130_fd_sc_hd__dlymetal6s2s_1 disconnected node: VGND
Cell sky130_fd_sc_hd__dlymetal6s2s_1 disconnected node: VNB
Cell sky130_fd_sc_hd__dlymetal6s2s_1 disconnected node: VPB
Cell sky130_fd_sc_hd__dlymetal6s2s_1 disconnected node: VPWR
Cell sky130_fd_sc_hd__dlymetal6s2s_1 disconnected node: X
Warning: Equate pins:  cell sky130_fd_sc_hd__dlymetal6s2s_1 has no definition, treated as a black box.

Subcircuit pins:
Circuit 1: sky130_fd_sc_hd__dlymetal6s2s_1 |Circuit 2: sky130_fd_sc_hd__dlymetal6s2s_1 
-------------------------------------------|-------------------------------------------
A                                          |A                                          
VGND                                       |VGND                                       
VNB                                        |VNB                                        
VPB                                        |VPB                                        
VPWR                                       |VPWR                                       
X                                          |X                                          
---------------------------------------------------------------------------------------
Cell pin lists are equivalent.
Device classes sky130_fd_sc_hd__dlymetal6s2s_1 and sky130_fd_sc_hd__dlymetal6s2s_1 are equivalent.

Cell sky130_fd_sc_hd__a21bo_1 disconnected node: A1
Cell sky130_fd_sc_hd__a21bo_1 disconnected node: A2
Cell sky130_fd_sc_hd__a21bo_1 disconnected node: B1_N
Cell sky130_fd_sc_hd__a21bo_1 disconnected node: VGND
Cell sky130_fd_sc_hd__a21bo_1 disconnected node: VNB
Cell sky130_fd_sc_hd__a21bo_1 disconnected node: VPB
Cell sky130_fd_sc_hd__a21bo_1 disconnected node: VPWR
Cell sky130_fd_sc_hd__a21bo_1 disconnected node: X
Warning: Equate pins:  cell sky130_fd_sc_hd__a21bo_1 has no definition, treated as a black box.

Subcircuit pins:
Circuit 1: sky130_fd_sc_hd__a21bo_1        |Circuit 2: sky130_fd_sc_hd__a21bo_1        
-------------------------------------------|-------------------------------------------
A1                                         |A1                                         
A2                                         |A2                                         
B1_N                                       |B1_N                                       
VGND                                       |VGND                                       
VNB                                        |VNB                                        
VPB                                        |VPB                                        
VPWR                                       |VPWR                                       
X                                          |X                                          
---------------------------------------------------------------------------------------
Cell pin lists are equivalent.
Device classes sky130_fd_sc_hd__a21bo_1 and sky130_fd_sc_hd__a21bo_1 are equivalent.

Cell sky130_fd_sc_hd__o2bb2a_1 disconnected node: A1_N
Cell sky130_fd_sc_hd__o2bb2a_1 disconnected node: A2_N
Cell sky130_fd_sc_hd__o2bb2a_1 disconnected node: B1
Cell sky130_fd_sc_hd__o2bb2a_1 disconnected node: B2
Cell sky130_fd_sc_hd__o2bb2a_1 disconnected node: VGND
Cell sky130_fd_sc_hd__o2bb2a_1 disconnected node: VNB
Cell sky130_fd_sc_hd__o2bb2a_1 disconnected node: VPB
Cell sky130_fd_sc_hd__o2bb2a_1 disconnected node: VPWR
Cell sky130_fd_sc_hd__o2bb2a_1 disconnected node: X
Warning: Equate pins:  cell sky130_fd_sc_hd__o2bb2a_1 has no definition, treated as a black box.

Subcircuit pins:
Circuit 1: sky130_fd_sc_hd__o2bb2a_1       |Circuit 2: sky130_fd_sc_hd__o2bb2a_1       
-------------------------------------------|-------------------------------------------
A1_N                                       |A1_N                                       
A2_N                                       |A2_N                                       
B1                                         |B1                                         
B2                                         |B2                                         
VGND                                       |VGND                                       
VNB                                        |VNB                                        
VPB                                        |VPB                                        
VPWR                                       |VPWR                                       
X                                          |X                                          
---------------------------------------------------------------------------------------
Cell pin lists are equivalent.
Device classes sky130_fd_sc_hd__o2bb2a_1 and sky130_fd_sc_hd__o2bb2a_1 are equivalent.

Cell sky130_fd_sc_hd__a32o_1 disconnected node: A1
Cell sky130_fd_sc_hd__a32o_1 disconnected node: A2
Cell sky130_fd_sc_hd__a32o_1 disconnected node: A3
Cell sky130_fd_sc_hd__a32o_1 disconnected node: B1
Cell sky130_fd_sc_hd__a32o_1 disconnected node: B2
Cell sky130_fd_sc_hd__a32o_1 disconnected node: VGND
Cell sky130_fd_sc_hd__a32o_1 disconnected node: VNB
Cell sky130_fd_sc_hd__a32o_1 disconnected node: VPB
Cell sky130_fd_sc_hd__a32o_1 disconnected node: VPWR
Cell sky130_fd_sc_hd__a32o_1 disconnected node: X
Warning: Equate pins:  cell sky130_fd_sc_hd__a32o_1 has no definition, treated as a black box.

Subcircuit pins:
Circuit 1: sky130_fd_sc_hd__a32o_1         |Circuit 2: sky130_fd_sc_hd__a32o_1         
-------------------------------------------|-------------------------------------------
A1                                         |A1                                         
A2                                         |A2                                         
A3                                         |A3                                         
B1                                         |B1                                         
B2                                         |B2                                         
VGND                                       |VGND                                       
VNB                                        |VNB                                        
VPB                                        |VPB                                        
VPWR                                       |VPWR                                       
X                                          |X                                          
---------------------------------------------------------------------------------------
Cell pin lists are equivalent.
Device classes sky130_fd_sc_hd__a32o_1 and sky130_fd_sc_hd__a32o_1 are equivalent.

Cell sky130_fd_sc_hd__or3_1 disconnected node: A
Cell sky130_fd_sc_hd__or3_1 disconnected node: B
Cell sky130_fd_sc_hd__or3_1 disconnected node: C
Cell sky130_fd_sc_hd__or3_1 disconnected node: VGND
Cell sky130_fd_sc_hd__or3_1 disconnected node: VNB
Cell sky130_fd_sc_hd__or3_1 disconnected node: VPB
Cell sky130_fd_sc_hd__or3_1 disconnected node: VPWR
Cell sky130_fd_sc_hd__or3_1 disconnected node: X
Warning: Equate pins:  cell sky130_fd_sc_hd__or3_1 has no definition, treated as a black box.

Subcircuit pins:
Circuit 1: sky130_fd_sc_hd__or3_1          |Circuit 2: sky130_fd_sc_hd__or3_1          
-------------------------------------------|-------------------------------------------
A                                          |A                                          
B                                          |B                                          
C                                          |C                                          
VGND                                       |VGND                                       
VNB                                        |VNB                                        
VPB                                        |VPB                                        
VPWR                                       |VPWR                                       
X                                          |X                                          
---------------------------------------------------------------------------------------
Cell pin lists are equivalent.
Device classes sky130_fd_sc_hd__or3_1 and sky130_fd_sc_hd__or3_1 are equivalent.

Cell sky130_fd_sc_hd__o21ai_1 disconnected node: A1
Cell sky130_fd_sc_hd__o21ai_1 disconnected node: A2
Cell sky130_fd_sc_hd__o21ai_1 disconnected node: B1
Cell sky130_fd_sc_hd__o21ai_1 disconnected node: VGND
Cell sky130_fd_sc_hd__o21ai_1 disconnected node: VNB
Cell sky130_fd_sc_hd__o21ai_1 disconnected node: VPB
Cell sky130_fd_sc_hd__o21ai_1 disconnected node: VPWR
Cell sky130_fd_sc_hd__o21ai_1 disconnected node: Y
Warning: Equate pins:  cell sky130_fd_sc_hd__o21ai_1 has no definition, treated as a black box.

Subcircuit pins:
Circuit 1: sky130_fd_sc_hd__o21ai_1        |Circuit 2: sky130_fd_sc_hd__o21ai_1        
-------------------------------------------|-------------------------------------------
A1                                         |A1                                         
A2                                         |A2                                         
B1                                         |B1                                         
VGND                                       |VGND                                       
VNB                                        |VNB                                        
VPB                                        |VPB                                        
VPWR                                       |VPWR                                       
Y                                          |Y                                          
---------------------------------------------------------------------------------------
Cell pin lists are equivalent.
Device classes sky130_fd_sc_hd__o21ai_1 and sky130_fd_sc_hd__o21ai_1 are equivalent.

Cell sky130_fd_sc_hd__nor3_1 disconnected node: A
Cell sky130_fd_sc_hd__nor3_1 disconnected node: B
Cell sky130_fd_sc_hd__nor3_1 disconnected node: C
Cell sky130_fd_sc_hd__nor3_1 disconnected node: VGND
Cell sky130_fd_sc_hd__nor3_1 disconnected node: VNB
Cell sky130_fd_sc_hd__nor3_1 disconnected node: VPB
Cell sky130_fd_sc_hd__nor3_1 disconnected node: VPWR
Cell sky130_fd_sc_hd__nor3_1 disconnected node: Y
Warning: Equate pins:  cell sky130_fd_sc_hd__nor3_1 has no definition, treated as a black box.

Subcircuit pins:
Circuit 1: sky130_fd_sc_hd__nor3_1         |Circuit 2: sky130_fd_sc_hd__nor3_1         
-------------------------------------------|-------------------------------------------
A                                          |A                                          
B                                          |B                                          
C                                          |C                                          
VGND                                       |VGND                                       
VNB                                        |VNB                                        
VPB                                        |VPB                                        
VPWR                                       |VPWR                                       
Y                                          |Y                                          
---------------------------------------------------------------------------------------
Cell pin lists are equivalent.
Device classes sky130_fd_sc_hd__nor3_1 and sky130_fd_sc_hd__nor3_1 are equivalent.

Cell sky130_fd_sc_hd__a21oi_2 disconnected node: A1
Cell sky130_fd_sc_hd__a21oi_2 disconnected node: A2
Cell sky130_fd_sc_hd__a21oi_2 disconnected node: B1
Cell sky130_fd_sc_hd__a21oi_2 disconnected node: VGND
Cell sky130_fd_sc_hd__a21oi_2 disconnected node: VNB
Cell sky130_fd_sc_hd__a21oi_2 disconnected node: VPB
Cell sky130_fd_sc_hd__a21oi_2 disconnected node: VPWR
Cell sky130_fd_sc_hd__a21oi_2 disconnected node: Y
Warning: Equate pins:  cell sky130_fd_sc_hd__a21oi_2 has no definition, treated as a black box.

Subcircuit pins:
Circuit 1: sky130_fd_sc_hd__a21oi_2        |Circuit 2: sky130_fd_sc_hd__a21oi_2        
-------------------------------------------|-------------------------------------------
A1                                         |A1                                         
A2                                         |A2                                         
B1                                         |B1                                         
VGND                                       |VGND                                       
VNB                                        |VNB                                        
VPB                                        |VPB                                        
VPWR                                       |VPWR                                       
Y                                          |Y                                          
---------------------------------------------------------------------------------------
Cell pin lists are equivalent.
Device classes sky130_fd_sc_hd__a21oi_2 and sky130_fd_sc_hd__a21oi_2 are equivalent.

Cell sky130_fd_sc_hd__o21ba_1 disconnected node: A1
Cell sky130_fd_sc_hd__o21ba_1 disconnected node: A2
Cell sky130_fd_sc_hd__o21ba_1 disconnected node: B1_N
Cell sky130_fd_sc_hd__o21ba_1 disconnected node: VGND
Cell sky130_fd_sc_hd__o21ba_1 disconnected node: VNB
Cell sky130_fd_sc_hd__o21ba_1 disconnected node: VPB
Cell sky130_fd_sc_hd__o21ba_1 disconnected node: VPWR
Cell sky130_fd_sc_hd__o21ba_1 disconnected node: X
Warning: Equate pins:  cell sky130_fd_sc_hd__o21ba_1 has no definition, treated as a black box.

Subcircuit pins:
Circuit 1: sky130_fd_sc_hd__o21ba_1        |Circuit 2: sky130_fd_sc_hd__o21ba_1        
-------------------------------------------|-------------------------------------------
A1                                         |A1                                         
A2                                         |A2                                         
B1_N                                       |B1_N                                       
VGND                                       |VGND                                       
VNB                                        |VNB                                        
VPB                                        |VPB                                        
VPWR                                       |VPWR                                       
X                                          |X                                          
---------------------------------------------------------------------------------------
Cell pin lists are equivalent.
Device classes sky130_fd_sc_hd__o21ba_1 and sky130_fd_sc_hd__o21ba_1 are equivalent.

Cell sky130_fd_sc_hd__mux2_1 disconnected node: A0
Cell sky130_fd_sc_hd__mux2_1 disconnected node: A1
Cell sky130_fd_sc_hd__mux2_1 disconnected node: S
Cell sky130_fd_sc_hd__mux2_1 disconnected node: VGND
Cell sky130_fd_sc_hd__mux2_1 disconnected node: VNB
Cell sky130_fd_sc_hd__mux2_1 disconnected node: VPB
Cell sky130_fd_sc_hd__mux2_1 disconnected node: VPWR
Cell sky130_fd_sc_hd__mux2_1 disconnected node: X
Warning: Equate pins:  cell sky130_fd_sc_hd__mux2_1 has no definition, treated as a black box.

Subcircuit pins:
Circuit 1: sky130_fd_sc_hd__mux2_1         |Circuit 2: sky130_fd_sc_hd__mux2_1         
-------------------------------------------|-------------------------------------------
A0                                         |A0                                         
A1                                         |A1                                         
S                                          |S                                          
VGND                                       |VGND                                       
VNB                                        |VNB                                        
VPB                                        |VPB                                        
VPWR                                       |VPWR                                       
X                                          |X                                          
---------------------------------------------------------------------------------------
Cell pin lists are equivalent.
Device classes sky130_fd_sc_hd__mux2_1 and sky130_fd_sc_hd__mux2_1 are equivalent.

Cell sky130_fd_sc_hd__nand2_1 disconnected node: A
Cell sky130_fd_sc_hd__nand2_1 disconnected node: B
Cell sky130_fd_sc_hd__nand2_1 disconnected node: VGND
Cell sky130_fd_sc_hd__nand2_1 disconnected node: VNB
Cell sky130_fd_sc_hd__nand2_1 disconnected node: VPB
Cell sky130_fd_sc_hd__nand2_1 disconnected node: VPWR
Cell sky130_fd_sc_hd__nand2_1 disconnected node: Y
Warning: Equate pins:  cell sky130_fd_sc_hd__nand2_1 has no definition, treated as a black box.

Subcircuit pins:
Circuit 1: sky130_fd_sc_hd__nand2_1        |Circuit 2: sky130_fd_sc_hd__nand2_1        
-------------------------------------------|-------------------------------------------
A                                          |A                                          
B                                          |B                                          
VGND                                       |VGND                                       
VNB                                        |VNB                                        
VPB                                        |VPB                                        
VPWR                                       |VPWR                                       
Y                                          |Y                                          
---------------------------------------------------------------------------------------
Cell pin lists are equivalent.
Device classes sky130_fd_sc_hd__nand2_1 and sky130_fd_sc_hd__nand2_1 are equivalent.

Cell sky130_fd_sc_hd__a21boi_1 disconnected node: A1
Cell sky130_fd_sc_hd__a21boi_1 disconnected node: A2
Cell sky130_fd_sc_hd__a21boi_1 disconnected node: B1_N
Cell sky130_fd_sc_hd__a21boi_1 disconnected node: VGND
Cell sky130_fd_sc_hd__a21boi_1 disconnected node: VNB
Cell sky130_fd_sc_hd__a21boi_1 disconnected node: VPB
Cell sky130_fd_sc_hd__a21boi_1 disconnected node: VPWR
Cell sky130_fd_sc_hd__a21boi_1 disconnected node: Y
Warning: Equate pins:  cell sky130_fd_sc_hd__a21boi_1 has no definition, treated as a black box.

Subcircuit pins:
Circuit 1: sky130_fd_sc_hd__a21boi_1       |Circuit 2: sky130_fd_sc_hd__a21boi_1       
-------------------------------------------|-------------------------------------------
A1                                         |A1                                         
A2                                         |A2                                         
B1_N                                       |B1_N                                       
VGND                                       |VGND                                       
VNB                                        |VNB                                        
VPB                                        |VPB                                        
VPWR                                       |VPWR                                       
Y                                          |Y                                          
---------------------------------------------------------------------------------------
Cell pin lists are equivalent.
Device classes sky130_fd_sc_hd__a21boi_1 and sky130_fd_sc_hd__a21boi_1 are equivalent.

Cell sky130_fd_sc_hd__or2b_1 disconnected node: A
Cell sky130_fd_sc_hd__or2b_1 disconnected node: B_N
Cell sky130_fd_sc_hd__or2b_1 disconnected node: VGND
Cell sky130_fd_sc_hd__or2b_1 disconnected node: VNB
Cell sky130_fd_sc_hd__or2b_1 disconnected node: VPB
Cell sky130_fd_sc_hd__or2b_1 disconnected node: VPWR
Cell sky130_fd_sc_hd__or2b_1 disconnected node: X
Warning: Equate pins:  cell sky130_fd_sc_hd__or2b_1 has no definition, treated as a black box.

Subcircuit pins:
Circuit 1: sky130_fd_sc_hd__or2b_1         |Circuit 2: sky130_fd_sc_hd__or2b_1         
-------------------------------------------|-------------------------------------------
A                                          |A                                          
B_N                                        |B_N                                        
VGND                                       |VGND                                       
VNB                                        |VNB                                        
VPB                                        |VPB                                        
VPWR                                       |VPWR                                       
X                                          |X                                          
---------------------------------------------------------------------------------------
Cell pin lists are equivalent.
Device classes sky130_fd_sc_hd__or2b_1 and sky130_fd_sc_hd__or2b_1 are equivalent.

Cell sky130_fd_sc_hd__nand2b_1 disconnected node: A_N
Cell sky130_fd_sc_hd__nand2b_1 disconnected node: B
Cell sky130_fd_sc_hd__nand2b_1 disconnected node: VGND
Cell sky130_fd_sc_hd__nand2b_1 disconnected node: VNB
Cell sky130_fd_sc_hd__nand2b_1 disconnected node: VPB
Cell sky130_fd_sc_hd__nand2b_1 disconnected node: VPWR
Cell sky130_fd_sc_hd__nand2b_1 disconnected node: Y
Warning: Equate pins:  cell sky130_fd_sc_hd__nand2b_1 has no definition, treated as a black box.

Subcircuit pins:
Circuit 1: sky130_fd_sc_hd__nand2b_1       |Circuit 2: sky130_fd_sc_hd__nand2b_1       
-------------------------------------------|-------------------------------------------
A_N                                        |A_N                                        
B                                          |B                                          
VGND                                       |VGND                                       
VNB                                        |VNB                                        
VPB                                        |VPB                                        
VPWR                                       |VPWR                                       
Y                                          |Y                                          
---------------------------------------------------------------------------------------
Cell pin lists are equivalent.
Device classes sky130_fd_sc_hd__nand2b_1 and sky130_fd_sc_hd__nand2b_1 are equivalent.

Cell sky130_fd_sc_hd__nor2b_1 disconnected node: A
Cell sky130_fd_sc_hd__nor2b_1 disconnected node: B_N
Cell sky130_fd_sc_hd__nor2b_1 disconnected node: VGND
Cell sky130_fd_sc_hd__nor2b_1 disconnected node: VNB
Cell sky130_fd_sc_hd__nor2b_1 disconnected node: VPB
Cell sky130_fd_sc_hd__nor2b_1 disconnected node: VPWR
Cell sky130_fd_sc_hd__nor2b_1 disconnected node: Y
Warning: Equate pins:  cell sky130_fd_sc_hd__nor2b_1 has no definition, treated as a black box.

Subcircuit pins:
Circuit 1: sky130_fd_sc_hd__nor2b_1        |Circuit 2: sky130_fd_sc_hd__nor2b_1        
-------------------------------------------|-------------------------------------------
A                                          |A                                          
B_N                                        |B_N                                        
VGND                                       |VGND                                       
VNB                                        |VNB                                        
VPB                                        |VPB                                        
VPWR                                       |VPWR                                       
Y                                          |Y                                          
---------------------------------------------------------------------------------------
Cell pin lists are equivalent.
Device classes sky130_fd_sc_hd__nor2b_1 and sky130_fd_sc_hd__nor2b_1 are equivalent.

Cell sky130_fd_sc_hd__clkbuf_1 disconnected node: A
Cell sky130_fd_sc_hd__clkbuf_1 disconnected node: VGND
Cell sky130_fd_sc_hd__clkbuf_1 disconnected node: VNB
Cell sky130_fd_sc_hd__clkbuf_1 disconnected node: VPB
Cell sky130_fd_sc_hd__clkbuf_1 disconnected node: VPWR
Cell sky130_fd_sc_hd__clkbuf_1 disconnected node: X
Warning: Equate pins:  cell sky130_fd_sc_hd__clkbuf_1 has no definition, treated as a black box.

Subcircuit pins:
Circuit 1: sky130_fd_sc_hd__clkbuf_1       |Circuit 2: sky130_fd_sc_hd__clkbuf_1       
-------------------------------------------|-------------------------------------------
A                                          |A                                          
VGND                                       |VGND                                       
VNB                                        |VNB                                        
VPB                                        |VPB                                        
VPWR                                       |VPWR                                       
X                                          |X                                          
---------------------------------------------------------------------------------------
Cell pin lists are equivalent.
Device classes sky130_fd_sc_hd__clkbuf_1 and sky130_fd_sc_hd__clkbuf_1 are equivalent.

Cell sky130_fd_sc_hd__and2_1 disconnected node: A
Cell sky130_fd_sc_hd__and2_1 disconnected node: B
Cell sky130_fd_sc_hd__and2_1 disconnected node: VGND
Cell sky130_fd_sc_hd__and2_1 disconnected node: VNB
Cell sky130_fd_sc_hd__and2_1 disconnected node: VPB
Cell sky130_fd_sc_hd__and2_1 disconnected node: VPWR
Cell sky130_fd_sc_hd__and2_1 disconnected node: X
Warning: Equate pins:  cell sky130_fd_sc_hd__and2_1 has no definition, treated as a black box.

Subcircuit pins:
Circuit 1: sky130_fd_sc_hd__and2_1         |Circuit 2: sky130_fd_sc_hd__and2_1         
-------------------------------------------|-------------------------------------------
A                                          |A                                          
B                                          |B                                          
VGND                                       |VGND                                       
VNB                                        |VNB                                        
VPB                                        |VPB                                        
VPWR                                       |VPWR                                       
X                                          |X                                          
---------------------------------------------------------------------------------------
Cell pin lists are equivalent.
Device classes sky130_fd_sc_hd__and2_1 and sky130_fd_sc_hd__and2_1 are equivalent.
Class dvsd_8216m9:  Merged 667 devices.
Class dvsd_8216m9:  Merged 667 devices.

Subcircuit summary:
Circuit 1: dvsd_8216m9                     |Circuit 2: dvsd_8216m9                     
-------------------------------------------|-------------------------------------------
sky130_fd_sc_hd__or2_1 (46)                |sky130_fd_sc_hd__or2_1 (46)                
sky130_fd_sc_hd__fill_1 (1)                |sky130_fd_sc_hd__fill_1 (1)                
sky130_fd_sc_hd__a2bb2oi_1 (4)             |sky130_fd_sc_hd__a2bb2oi_1 (4)             
sky130_fd_sc_hd__decap_8 (1)               |sky130_fd_sc_hd__decap_8 (1)               
sky130_fd_sc_hd__decap_4 (1)               |sky130_fd_sc_hd__decap_4 (1)               
sky130_fd_sc_hd__buf_6 (4)                 |sky130_fd_sc_hd__buf_6 (4)                 
sky130_fd_sc_hd__buf_1 (31)                |sky130_fd_sc_hd__buf_1 (31)                
sky130_fd_sc_hd__a2bb2o_1 (54)             |sky130_fd_sc_hd__a2bb2o_1 (54)             
sky130_fd_sc_hd__decap_12 (1)              |sky130_fd_sc_hd__decap_12 (1)              
sky130_fd_sc_hd__a22o_1 (3)                |sky130_fd_sc_hd__a22o_1 (3)                
sky130_fd_sc_hd__clkbuf_2 (22)             |sky130_fd_sc_hd__clkbuf_2 (22)             
sky130_fd_sc_hd__tapvpwrvgnd_1 (1)         |sky130_fd_sc_hd__tapvpwrvgnd_1 (1)         
sky130_fd_sc_hd__decap_3 (1)               |sky130_fd_sc_hd__decap_3 (1)               
sky130_fd_sc_hd__o22a_1 (40)               |sky130_fd_sc_hd__o22a_1 (40)               
sky130_fd_sc_hd__decap_6 (1)               |sky130_fd_sc_hd__decap_6 (1)               
sky130_fd_sc_hd__inv_2 (45)                |sky130_fd_sc_hd__inv_2 (45)                
sky130_fd_sc_hd__fill_2 (1)                |sky130_fd_sc_hd__fill_2 (1)                
sky130_fd_sc_hd__o221ai_2 (1)              |sky130_fd_sc_hd__o221ai_2 (1)              
sky130_fd_sc_hd__o32a_1 (10)               |sky130_fd_sc_hd__o32a_1 (10)               
sky130_fd_sc_hd__a21oi_1 (3)               |sky130_fd_sc_hd__a21oi_1 (3)               
sky130_fd_sc_hd__or4_1 (4)                 |sky130_fd_sc_hd__or4_1 (4)                 
sky130_fd_sc_hd__a21o_1 (5)                |sky130_fd_sc_hd__a21o_1 (5)                
sky130_fd_sc_hd__nor2_1 (13)               |sky130_fd_sc_hd__nor2_1 (13)               
sky130_fd_sc_hd__a31o_1 (8)                |sky130_fd_sc_hd__a31o_1 (8)                
sky130_fd_sc_hd__a31oi_2 (1)               |sky130_fd_sc_hd__a31oi_2 (1)               
sky130_fd_sc_hd__and4_1 (12)               |sky130_fd_sc_hd__and4_1 (12)               
sky130_fd_sc_hd__dlymetal6s2s_1 (14)       |sky130_fd_sc_hd__dlymetal6s2s_1 (14)       
sky130_fd_sc_hd__a21bo_1 (1)               |sky130_fd_sc_hd__a21bo_1 (1)               
sky130_fd_sc_hd__o2bb2a_1 (2)              |sky130_fd_sc_hd__o2bb2a_1 (2)              
sky130_fd_sc_hd__a32o_1 (9)                |sky130_fd_sc_hd__a32o_1 (9)                
sky130_fd_sc_hd__or3_1 (2)                 |sky130_fd_sc_hd__or3_1 (2)                 
sky130_fd_sc_hd__o21ai_1 (5)               |sky130_fd_sc_hd__o21ai_1 (5)               
sky130_fd_sc_hd__nor3_1 (1)                |sky130_fd_sc_hd__nor3_1 (1)                
sky130_fd_sc_hd__a21oi_2 (1)               |sky130_fd_sc_hd__a21oi_2 (1)               
sky130_fd_sc_hd__o21ba_1 (7)               |sky130_fd_sc_hd__o21ba_1 (7)               
sky130_fd_sc_hd__mux2_1 (1)                |sky130_fd_sc_hd__mux2_1 (1)                
sky130_fd_sc_hd__nand2_1 (1)               |sky130_fd_sc_hd__nand2_1 (1)               
sky130_fd_sc_hd__a21boi_1 (2)              |sky130_fd_sc_hd__a21boi_1 (2)              
sky130_fd_sc_hd__or2b_1 (2)                |sky130_fd_sc_hd__or2b_1 (2)                
sky130_fd_sc_hd__nand2b_1 (1)              |sky130_fd_sc_hd__nand2b_1 (1)              
sky130_fd_sc_hd__nor2b_1 (1)               |sky130_fd_sc_hd__nor2b_1 (1)               
sky130_fd_sc_hd__clkbuf_1 (1)              |sky130_fd_sc_hd__clkbuf_1 (1)              
sky130_fd_sc_hd__and2_1 (1)                |sky130_fd_sc_hd__and2_1 (1)                
Number of devices: 366                     |Number of devices: 366                     
Number of nets: 376                        |Number of nets: 376                        
---------------------------------------------------------------------------------------
Circuits match uniquely.
Netlists match uniquely.

Subcircuit pins:
Circuit 1: dvsd_8216m9                     |Circuit 2: dvsd_8216m9                     
-------------------------------------------|-------------------------------------------
B[3]                                       |B[3]                                       
B[6]                                       |B[6]                                       
A[1]                                       |A[1]                                       
A[3]                                       |A[3]                                       
A[4]                                       |A[4]                                       
A[2]                                       |A[2]                                       
B[7]                                       |B[7]                                       
B[5]                                       |B[5]                                       
B[2]                                       |B[2]                                       
A[5]                                       |A[5]                                       
A[6]                                       |A[6]                                       
A[7]                                       |A[7]                                       
B[4]                                       |B[4]                                       
B[0]                                       |B[0]                                       
B[1]                                       |B[1]                                       
A[0]                                       |A[0]                                       
M[10]                                      |M[10]                                      
M[0]                                       |M[0]                                       
M[5]                                       |M[5]                                       
M[4]                                       |M[4]                                       
M[3]                                       |M[3]                                       
M[2]                                       |M[2]                                       
M[1]                                       |M[1]                                       
M[15]                                      |M[15]                                      
M[14]                                      |M[14]                                      
M[6]                                       |M[6]                                       
M[7]                                       |M[7]                                       
M[11]                                      |M[11]                                      
M[9]                                       |M[9]                                       
M[13]                                      |M[13]                                      
M[12]                                      |M[12]                                      
M[8]                                       |M[8]                                       
VGND                                       |VGND                                       
VPWR                                       |VPWR                                       
---------------------------------------------------------------------------------------
Cell pin lists are equivalent.
Device classes dvsd_8216m9 and dvsd_8216m9 are equivalent.
Circuits match uniquely.
